
Start-Date: 2024-05-09  22:27:46
Commandline: apt install sudo
Install: sudo:amd64 (1.9.13p3-1+deb12u1)
End-Date: 2024-05-09  22:28:04

Start-Date: 2024-05-09  22:29:18
Commandline: apt install vim
Install: vim:amd64 (2:9.0.1378-2), libgpm2:amd64 (1.20.7-10+b1, automatic), libsodium23:amd64 (1.0.18-1, automatic), vim-runtime:amd64 (2:9.0.1378-2, automatic)
End-Date: 2024-05-09  22:30:43

Start-Date: 2024-05-09  22:30:52
Commandline: apt install git
Install: libssh2-1:amd64 (1.10.0-3+b1, automatic), libnghttp2-14:amd64 (1.52.0-1+deb12u1, automatic), libcurl3-gnutls:amd64 (7.88.1-10+deb12u5, automatic), openssh-client:amd64 (1:9.2p1-2+deb12u2, automatic), git:amd64 (1:2.39.2-1.1), libldap-common:amd64 (2.5.13+dfsg-5, automatic), libsasl2-modules:amd64 (2.1.28+dfsg-10, automatic), libsasl2-2:amd64 (2.1.28+dfsg-10, automatic), libexpat1:amd64 (2.5.0-1, automatic), libxmuu1:amd64 (2:1.1.3-3, automatic), patch:amd64 (2.7.6-7, automatic), libfido2-1:amd64 (1.12.0-2+b1, automatic), librtmp1:amd64 (2.4+20151223.gitfa8646d.1-2+b2, automatic), libxau6:amd64 (1:1.0.9-1, automatic), libxcb1:amd64 (1.15-1, automatic), libsasl2-modules-db:amd64 (2.1.28+dfsg-10, automatic), libldap-2.5-0:amd64 (2.5.13+dfsg-5, automatic), publicsuffix:amd64 (20230209.2326-1, automatic), libx11-data:amd64 (2:1.8.4-2+deb12u2, automatic), xauth:amd64 (1:1.1.2-1, automatic), ca-certificates:amd64 (20230311, automatic), liberror-perl:amd64 (0.17029-2, automatic), libbrotli1:amd64 (1.0.9-2+b6, automatic), libxext6:amd64 (2:1.3.4-1+b1, automatic), libcbor0.8:amd64 (0.8.0-2+b1, automatic), libx11-6:amd64 (2:1.8.4-2+deb12u2, automatic), git-man:amd64 (1:2.39.2-1.1, automatic), libpsl5:amd64 (0.21.2-1, automatic), libxdmcp6:amd64 (1:1.1.2-3, automatic), openssl:amd64 (3.0.11-1~deb12u2, automatic)
End-Date: 2024-05-09  22:33:48

Start-Date: 2024-05-15  01:18:18
Commandline: apt install fish
Install: python3.11:amd64 (3.11.2-6, automatic), libmagic-mgc:amd64 (1:5.44-3, automatic), python3-minimal:amd64 (3.11.2-1+b1, automatic), libmagic1:amd64 (1:5.44-3, automatic), file:amd64 (1:5.44-3, automatic), bzip2:amd64 (1.0.8-5+b1, automatic), fish:amd64 (3.6.0-3.1+deb12u1), libpipeline1:amd64 (1.5.7-1, automatic), python3:amd64 (3.11.2-1+b1, automatic), libpython3.11-minimal:amd64 (3.11.2-6, automatic), xz-utils:amd64 (5.4.1-0.2, automatic), libuchardet0:amd64 (0.0.7-1, automatic), lynx:amd64 (2.9.0dev.12-1, automatic), man-db:amd64 (2.11.2-2, automatic), mailcap:amd64 (3.70+nmu1, automatic), media-types:amd64 (10.0.0, automatic), libnsl2:amd64 (1.3.0-2, automatic), libpython3.11-stdlib:amd64 (3.11.2-6, automatic), libsqlite3-0:amd64 (3.40.1-2, automatic), xsel:amd64 (1.2.0+git9bfc13d.20180109-4, automatic), libpython3-stdlib:amd64 (3.11.2-1+b1, automatic), lynx-common:amd64 (2.9.0dev.12-1, automatic), python3.11-minimal:amd64 (3.11.2-6, automatic), libpcre2-32-0:amd64 (10.42-1, automatic), fish-common:amd64 (3.6.0-3.1+deb12u1, automatic), groff-base:amd64 (1.22.4-10, automatic), bsdextrautils:amd64 (2.38.1-5+b1, automatic)
End-Date: 2024-05-15  01:20:50

Start-Date: 2024-05-15  02:42:59
Commandline: apt install curl
Requested-By: student (1000)
Install: libcurl4:amd64 (7.88.1-10+deb12u5, automatic), curl:amd64 (7.88.1-10+deb12u5)
End-Date: 2024-05-15  02:43:05
