2024-05-09 19:18:20 startup archives install
2024-05-09 19:18:20 install base-passwd:amd64 <none> 3.6.1
2024-05-09 19:18:20 status half-installed base-passwd:amd64 3.6.1
2024-05-09 19:18:21 status unpacked base-passwd:amd64 3.6.1
2024-05-09 19:18:21 configure base-passwd:amd64 3.6.1 3.6.1
2024-05-09 19:18:21 status half-configured base-passwd:amd64 3.6.1
2024-05-09 19:18:21 status installed base-passwd:amd64 3.6.1
2024-05-09 19:18:21 startup archives install
2024-05-09 19:18:22 install base-files:amd64 <none> 12.4+deb12u5
2024-05-09 19:18:22 status half-installed base-files:amd64 12.4+deb12u5
2024-05-09 19:18:22 status unpacked base-files:amd64 12.4+deb12u5
2024-05-09 19:18:22 configure base-files:amd64 12.4+deb12u5 12.4+deb12u5
2024-05-09 19:18:23 status half-configured base-files:amd64 12.4+deb12u5
2024-05-09 19:18:23 status installed base-files:amd64 12.4+deb12u5
2024-05-09 19:18:23 startup archives install
2024-05-09 19:18:23 upgrade dpkg 1.21.22 1.21.22
2024-05-09 19:18:23 status half-configured dpkg 1.21.22
2024-05-09 19:18:24 status unpacked dpkg 1.21.22
2024-05-09 19:18:24 status half-installed dpkg 1.21.22
2024-05-09 19:18:38 status unpacked dpkg:amd64 1.21.22
2024-05-09 19:18:38 configure dpkg:amd64 1.21.22 1.21.22
2024-05-09 19:18:40 status half-configured dpkg:amd64 1.21.22
2024-05-09 19:18:41 status installed dpkg:amd64 1.21.22
2024-05-09 19:18:42 startup archives install
2024-05-09 19:18:43 install libc6:amd64 <none> 2.36-9+deb12u4
2024-05-09 19:18:43 status half-installed libc6:amd64 2.36-9+deb12u4
2024-05-09 19:18:53 status unpacked libc6:amd64 2.36-9+deb12u4
2024-05-09 19:18:53 configure libc6:amd64 2.36-9+deb12u4 2.36-9+deb12u4
2024-05-09 19:18:54 status half-configured libc6:amd64 2.36-9+deb12u4
2024-05-09 19:18:54 status installed libc6:amd64 2.36-9+deb12u4
2024-05-09 19:18:54 startup archives install
2024-05-09 19:18:54 install perl-base:amd64 <none> 5.36.0-7+deb12u1
2024-05-09 19:18:54 status half-installed perl-base:amd64 5.36.0-7+deb12u1
2024-05-09 19:18:56 status unpacked perl-base:amd64 5.36.0-7+deb12u1
2024-05-09 19:18:56 configure perl-base:amd64 5.36.0-7+deb12u1 5.36.0-7+deb12u1
2024-05-09 19:18:56 status half-configured perl-base:amd64 5.36.0-7+deb12u1
2024-05-09 19:18:56 status installed perl-base:amd64 5.36.0-7+deb12u1
2024-05-09 19:18:56 startup archives install
2024-05-09 19:18:56 install mawk:amd64 <none> 1.3.4.20200120-3.1
2024-05-09 19:18:56 status half-installed mawk:amd64 1.3.4.20200120-3.1
2024-05-09 19:18:57 status unpacked mawk:amd64 1.3.4.20200120-3.1
2024-05-09 19:18:57 configure mawk:amd64 1.3.4.20200120-3.1 1.3.4.20200120-3.1
2024-05-09 19:18:57 status half-configured mawk:amd64 1.3.4.20200120-3.1
2024-05-09 19:18:57 status installed mawk:amd64 1.3.4.20200120-3.1
2024-05-09 19:18:57 startup archives install
2024-05-09 19:18:57 install debconf:all <none> 1.5.82
2024-05-09 19:18:57 status half-installed debconf:all 1.5.82
2024-05-09 19:18:58 status unpacked debconf:all 1.5.82
2024-05-09 19:18:58 configure debconf:all 1.5.82 1.5.82
2024-05-09 19:18:58 status half-configured debconf:all 1.5.82
2024-05-09 19:18:58 status installed debconf:all 1.5.82
2024-05-09 19:18:59 startup archives unpack
2024-05-09 19:18:59 install adduser:all <none> 3.134
2024-05-09 19:18:59 status half-installed adduser:all 3.134
2024-05-09 19:18:59 status unpacked adduser:all 3.134
2024-05-09 19:19:00 install apt:amd64 <none> 2.6.1
2024-05-09 19:19:00 status half-installed apt:amd64 2.6.1
2024-05-09 19:19:01 status unpacked apt:amd64 2.6.1
2024-05-09 19:19:01 upgrade base-files:amd64 12.4+deb12u5 12.4+deb12u5
2024-05-09 19:19:01 status half-configured base-files:amd64 12.4+deb12u5
2024-05-09 19:19:01 status unpacked base-files:amd64 12.4+deb12u5
2024-05-09 19:19:01 status half-installed base-files:amd64 12.4+deb12u5
2024-05-09 19:19:02 status unpacked base-files:amd64 12.4+deb12u5
2024-05-09 19:19:02 upgrade base-passwd:amd64 3.6.1 3.6.1
2024-05-09 19:19:02 status half-configured base-passwd:amd64 3.6.1
2024-05-09 19:19:02 status unpacked base-passwd:amd64 3.6.1
2024-05-09 19:19:02 status half-installed base-passwd:amd64 3.6.1
2024-05-09 19:19:02 status unpacked base-passwd:amd64 3.6.1
2024-05-09 19:19:03 install bash:amd64 <none> 5.2.15-2+b2
2024-05-09 19:19:03 status half-installed bash:amd64 5.2.15-2+b2
2024-05-09 19:19:03 status unpacked bash:amd64 5.2.15-2+b2
2024-05-09 19:19:04 install bsdutils:amd64 <none> 1:2.38.1-5+b1
2024-05-09 19:19:04 status half-installed bsdutils:amd64 1:2.38.1-5+b1
2024-05-09 19:19:04 status unpacked bsdutils:amd64 1:2.38.1-5+b1
2024-05-09 19:19:04 install coreutils:amd64 <none> 9.1-1
2024-05-09 19:19:04 status half-installed coreutils:amd64 9.1-1
2024-05-09 19:19:06 status unpacked coreutils:amd64 9.1-1
2024-05-09 19:19:06 install dash:amd64 <none> 0.5.12-2
2024-05-09 19:19:06 status half-installed dash:amd64 0.5.12-2
2024-05-09 19:19:06 status unpacked dash:amd64 0.5.12-2
2024-05-09 19:19:07 upgrade debconf:all 1.5.82 1.5.82
2024-05-09 19:19:07 status half-configured debconf:all 1.5.82
2024-05-09 19:19:07 status unpacked debconf:all 1.5.82
2024-05-09 19:19:07 status half-installed debconf:all 1.5.82
2024-05-09 19:19:08 status unpacked debconf:all 1.5.82
2024-05-09 19:19:08 install debian-archive-keyring:all <none> 2023.3+deb12u1
2024-05-09 19:19:08 status half-installed debian-archive-keyring:all 2023.3+deb12u1
2024-05-09 19:19:09 status unpacked debian-archive-keyring:all 2023.3+deb12u1
2024-05-09 19:19:09 install debianutils:amd64 <none> 5.7-0.5~deb12u1
2024-05-09 19:19:09 status half-installed debianutils:amd64 5.7-0.5~deb12u1
2024-05-09 19:19:10 status unpacked debianutils:amd64 5.7-0.5~deb12u1
2024-05-09 19:19:10 install diffutils:amd64 <none> 1:3.8-4
2024-05-09 19:19:10 status half-installed diffutils:amd64 1:3.8-4
2024-05-09 19:19:11 status unpacked diffutils:amd64 1:3.8-4
2024-05-09 19:19:12 upgrade dpkg:amd64 1.21.22 1.21.22
2024-05-09 19:19:12 status half-configured dpkg:amd64 1.21.22
2024-05-09 19:19:13 status unpacked dpkg:amd64 1.21.22
2024-05-09 19:19:13 status half-installed dpkg:amd64 1.21.22
2024-05-09 19:19:13 status unpacked dpkg:amd64 1.21.22
2024-05-09 19:19:14 install e2fsprogs:amd64 <none> 1.47.0-2
2024-05-09 19:19:14 status half-installed e2fsprogs:amd64 1.47.0-2
2024-05-09 19:19:14 status unpacked e2fsprogs:amd64 1.47.0-2
2024-05-09 19:19:14 install findutils:amd64 <none> 4.9.0-4
2024-05-09 19:19:14 status half-installed findutils:amd64 4.9.0-4
2024-05-09 19:19:15 status unpacked findutils:amd64 4.9.0-4
2024-05-09 19:19:15 install gcc-12-base:amd64 <none> 12.2.0-14
2024-05-09 19:19:15 status half-installed gcc-12-base:amd64 12.2.0-14
2024-05-09 19:19:15 status unpacked gcc-12-base:amd64 12.2.0-14
2024-05-09 19:19:15 install gpgv:amd64 <none> 2.2.40-1.1
2024-05-09 19:19:15 status half-installed gpgv:amd64 2.2.40-1.1
2024-05-09 19:19:16 status unpacked gpgv:amd64 2.2.40-1.1
2024-05-09 19:19:16 install grep:amd64 <none> 3.8-5
2024-05-09 19:19:16 status half-installed grep:amd64 3.8-5
2024-05-09 19:19:16 status unpacked grep:amd64 3.8-5
2024-05-09 19:19:17 install gzip:amd64 <none> 1.12-1
2024-05-09 19:19:17 status half-installed gzip:amd64 1.12-1
2024-05-09 19:19:17 status unpacked gzip:amd64 1.12-1
2024-05-09 19:19:17 install hostname:amd64 <none> 3.23+nmu1
2024-05-09 19:19:17 status half-installed hostname:amd64 3.23+nmu1
2024-05-09 19:19:18 status unpacked hostname:amd64 3.23+nmu1
2024-05-09 19:19:18 install init-system-helpers:all <none> 1.65.2
2024-05-09 19:19:18 status half-installed init-system-helpers:all 1.65.2
2024-05-09 19:19:18 status unpacked init-system-helpers:all 1.65.2
2024-05-09 19:19:18 install libacl1:amd64 <none> 2.3.1-3
2024-05-09 19:19:18 status half-installed libacl1:amd64 2.3.1-3
2024-05-09 19:19:19 status unpacked libacl1:amd64 2.3.1-3
2024-05-09 19:19:19 install libapt-pkg6.0:amd64 <none> 2.6.1
2024-05-09 19:19:19 status half-installed libapt-pkg6.0:amd64 2.6.1
2024-05-09 19:19:20 status unpacked libapt-pkg6.0:amd64 2.6.1
2024-05-09 19:19:21 install libattr1:amd64 <none> 1:2.5.1-4
2024-05-09 19:19:21 status half-installed libattr1:amd64 1:2.5.1-4
2024-05-09 19:19:21 status unpacked libattr1:amd64 1:2.5.1-4
2024-05-09 19:19:21 install libaudit-common:all <none> 1:3.0.9-1
2024-05-09 19:19:21 status half-installed libaudit-common:all 1:3.0.9-1
2024-05-09 19:19:21 status unpacked libaudit-common:all 1:3.0.9-1
2024-05-09 19:19:22 install libaudit1:amd64 <none> 1:3.0.9-1
2024-05-09 19:19:22 status half-installed libaudit1:amd64 1:3.0.9-1
2024-05-09 19:19:22 status unpacked libaudit1:amd64 1:3.0.9-1
2024-05-09 19:19:23 install libblkid1:amd64 <none> 2.38.1-5+b1
2024-05-09 19:19:23 status half-installed libblkid1:amd64 2.38.1-5+b1
2024-05-09 19:19:23 status unpacked libblkid1:amd64 2.38.1-5+b1
2024-05-09 19:19:26 install libbz2-1.0:amd64 <none> 1.0.8-5+b1
2024-05-09 19:19:26 status half-installed libbz2-1.0:amd64 1.0.8-5+b1
2024-05-09 19:19:26 status unpacked libbz2-1.0:amd64 1.0.8-5+b1
2024-05-09 19:19:27 install libc-bin:amd64 <none> 2.36-9+deb12u4
2024-05-09 19:19:27 status half-installed libc-bin:amd64 2.36-9+deb12u4
2024-05-09 19:19:27 status unpacked libc-bin:amd64 2.36-9+deb12u4
2024-05-09 19:19:28 upgrade libc6:amd64 2.36-9+deb12u4 2.36-9+deb12u4
2024-05-09 19:19:28 status half-configured libc6:amd64 2.36-9+deb12u4
2024-05-09 19:19:28 status unpacked libc6:amd64 2.36-9+deb12u4
2024-05-09 19:19:28 status half-installed libc6:amd64 2.36-9+deb12u4
2024-05-09 19:19:29 status unpacked libc6:amd64 2.36-9+deb12u4
2024-05-09 19:19:30 install libcap-ng0:amd64 <none> 0.8.3-1+b3
2024-05-09 19:19:30 status half-installed libcap-ng0:amd64 0.8.3-1+b3
2024-05-09 19:19:30 status unpacked libcap-ng0:amd64 0.8.3-1+b3
2024-05-09 19:19:30 install libcap2:amd64 <none> 1:2.66-4
2024-05-09 19:19:30 status half-installed libcap2:amd64 1:2.66-4
2024-05-09 19:19:30 status unpacked libcap2:amd64 1:2.66-4
2024-05-09 19:19:31 install libcom-err2:amd64 <none> 1.47.0-2
2024-05-09 19:19:31 status half-installed libcom-err2:amd64 1.47.0-2
2024-05-09 19:19:31 status unpacked libcom-err2:amd64 1.47.0-2
2024-05-09 19:19:31 install libcrypt1:amd64 <none> 1:4.4.33-2
2024-05-09 19:19:31 status half-installed libcrypt1:amd64 1:4.4.33-2
2024-05-09 19:19:32 status unpacked libcrypt1:amd64 1:4.4.33-2
2024-05-09 19:19:32 install libdb5.3:amd64 <none> 5.3.28+dfsg2-1
2024-05-09 19:19:32 status half-installed libdb5.3:amd64 5.3.28+dfsg2-1
2024-05-09 19:19:33 status unpacked libdb5.3:amd64 5.3.28+dfsg2-1
2024-05-09 19:19:33 install libdebconfclient0:amd64 <none> 0.270
2024-05-09 19:19:33 status half-installed libdebconfclient0:amd64 0.270
2024-05-09 19:19:34 status unpacked libdebconfclient0:amd64 0.270
2024-05-09 19:19:34 install libext2fs2:amd64 <none> 1.47.0-2
2024-05-09 19:19:34 status half-installed libext2fs2:amd64 1.47.0-2
2024-05-09 19:19:34 status unpacked libext2fs2:amd64 1.47.0-2
2024-05-09 19:19:35 install libffi8:amd64 <none> 3.4.4-1
2024-05-09 19:19:35 status half-installed libffi8:amd64 3.4.4-1
2024-05-09 19:19:35 status unpacked libffi8:amd64 3.4.4-1
2024-05-09 19:19:35 install libfile-find-rule-perl:all <none> 0.34-3
2024-05-09 19:19:35 status half-installed libfile-find-rule-perl:all 0.34-3
2024-05-09 19:19:35 status unpacked libfile-find-rule-perl:all 0.34-3
2024-05-09 19:19:36 install libgcc-s1:amd64 <none> 12.2.0-14
2024-05-09 19:19:36 status half-installed libgcc-s1:amd64 12.2.0-14
2024-05-09 19:19:36 status unpacked libgcc-s1:amd64 12.2.0-14
2024-05-09 19:19:37 install libgcrypt20:amd64 <none> 1.10.1-3
2024-05-09 19:19:37 status half-installed libgcrypt20:amd64 1.10.1-3
2024-05-09 19:19:37 status unpacked libgcrypt20:amd64 1.10.1-3
2024-05-09 19:19:38 install libgdbm-compat4:amd64 <none> 1.23-3
2024-05-09 19:19:38 status half-installed libgdbm-compat4:amd64 1.23-3
2024-05-09 19:19:38 status unpacked libgdbm-compat4:amd64 1.23-3
2024-05-09 19:19:39 install libgdbm6:amd64 <none> 1.23-3
2024-05-09 19:19:39 status half-installed libgdbm6:amd64 1.23-3
2024-05-09 19:19:41 status unpacked libgdbm6:amd64 1.23-3
2024-05-09 19:19:43 install libgmp10:amd64 <none> 2:6.2.1+dfsg1-1.1
2024-05-09 19:19:43 status half-installed libgmp10:amd64 2:6.2.1+dfsg1-1.1
2024-05-09 19:19:45 status unpacked libgmp10:amd64 2:6.2.1+dfsg1-1.1
2024-05-09 19:19:46 install libgnutls30:amd64 <none> 3.7.9-2+deb12u2
2024-05-09 19:19:46 status half-installed libgnutls30:amd64 3.7.9-2+deb12u2
2024-05-09 19:19:47 status unpacked libgnutls30:amd64 3.7.9-2+deb12u2
2024-05-09 19:19:47 install libgpg-error0:amd64 <none> 1.46-1
2024-05-09 19:19:47 status half-installed libgpg-error0:amd64 1.46-1
2024-05-09 19:19:48 status unpacked libgpg-error0:amd64 1.46-1
2024-05-09 19:19:48 install libhogweed6:amd64 <none> 3.8.1-2
2024-05-09 19:19:48 status half-installed libhogweed6:amd64 3.8.1-2
2024-05-09 19:19:48 status unpacked libhogweed6:amd64 3.8.1-2
2024-05-09 19:19:49 install libidn2-0:amd64 <none> 2.3.3-1+b1
2024-05-09 19:19:49 status half-installed libidn2-0:amd64 2.3.3-1+b1
2024-05-09 19:19:49 status unpacked libidn2-0:amd64 2.3.3-1+b1
2024-05-09 19:19:49 install liblz4-1:amd64 <none> 1.9.4-1
2024-05-09 19:19:49 status half-installed liblz4-1:amd64 1.9.4-1
2024-05-09 19:19:50 status unpacked liblz4-1:amd64 1.9.4-1
2024-05-09 19:19:50 install liblzma5:amd64 <none> 5.4.1-0.2
2024-05-09 19:19:50 status half-installed liblzma5:amd64 5.4.1-0.2
2024-05-09 19:19:50 status unpacked liblzma5:amd64 5.4.1-0.2
2024-05-09 19:19:51 install libmd0:amd64 <none> 1.0.4-2
2024-05-09 19:19:51 status half-installed libmd0:amd64 1.0.4-2
2024-05-09 19:19:51 status unpacked libmd0:amd64 1.0.4-2
2024-05-09 19:19:52 install libmount1:amd64 <none> 2.38.1-5+b1
2024-05-09 19:19:52 status half-installed libmount1:amd64 2.38.1-5+b1
2024-05-09 19:19:52 status unpacked libmount1:amd64 2.38.1-5+b1
2024-05-09 19:19:53 install libnettle8:amd64 <none> 3.8.1-2
2024-05-09 19:19:53 status half-installed libnettle8:amd64 3.8.1-2
2024-05-09 19:19:53 status unpacked libnettle8:amd64 3.8.1-2
2024-05-09 19:19:53 install libnumber-compare-perl:all <none> 0.03-3
2024-05-09 19:19:53 status half-installed libnumber-compare-perl:all 0.03-3
2024-05-09 19:19:53 status unpacked libnumber-compare-perl:all 0.03-3
2024-05-09 19:19:54 install libp11-kit0:amd64 <none> 0.24.1-2
2024-05-09 19:19:54 status half-installed libp11-kit0:amd64 0.24.1-2
2024-05-09 19:19:54 status unpacked libp11-kit0:amd64 0.24.1-2
2024-05-09 19:19:55 install libpam-modules:amd64 <none> 1.5.2-6+deb12u1
2024-05-09 19:19:55 status half-installed libpam-modules:amd64 1.5.2-6+deb12u1
2024-05-09 19:19:55 status unpacked libpam-modules:amd64 1.5.2-6+deb12u1
2024-05-09 19:19:56 install libpam-modules-bin:amd64 <none> 1.5.2-6+deb12u1
2024-05-09 19:19:56 status half-installed libpam-modules-bin:amd64 1.5.2-6+deb12u1
2024-05-09 19:19:56 status unpacked libpam-modules-bin:amd64 1.5.2-6+deb12u1
2024-05-09 19:19:58 install libpam-runtime:all <none> 1.5.2-6+deb12u1
2024-05-09 19:19:58 status half-installed libpam-runtime:all 1.5.2-6+deb12u1
2024-05-09 19:19:58 status unpacked libpam-runtime:all 1.5.2-6+deb12u1
2024-05-09 19:19:59 install libpam0g:amd64 <none> 1.5.2-6+deb12u1
2024-05-09 19:19:59 status half-installed libpam0g:amd64 1.5.2-6+deb12u1
2024-05-09 19:19:59 status unpacked libpam0g:amd64 1.5.2-6+deb12u1
2024-05-09 19:20:00 install libpcre2-8-0:amd64 <none> 10.42-1
2024-05-09 19:20:00 status half-installed libpcre2-8-0:amd64 10.42-1
2024-05-09 19:20:01 status unpacked libpcre2-8-0:amd64 10.42-1
2024-05-09 19:20:01 install libperl5.36:amd64 <none> 5.36.0-7+deb12u1
2024-05-09 19:20:01 status half-installed libperl5.36:amd64 5.36.0-7+deb12u1
2024-05-09 19:20:03 status unpacked libperl5.36:amd64 5.36.0-7+deb12u1
2024-05-09 19:20:03 install libseccomp2:amd64 <none> 2.5.4-1+b3
2024-05-09 19:20:03 status half-installed libseccomp2:amd64 2.5.4-1+b3
2024-05-09 19:20:04 status unpacked libseccomp2:amd64 2.5.4-1+b3
2024-05-09 19:20:05 install libselinux1:amd64 <none> 3.4-1+b6
2024-05-09 19:20:05 status half-installed libselinux1:amd64 3.4-1+b6
2024-05-09 19:20:05 status unpacked libselinux1:amd64 3.4-1+b6
2024-05-09 19:20:05 install libsemanage-common:all <none> 3.4-1
2024-05-09 19:20:05 status half-installed libsemanage-common:all 3.4-1
2024-05-09 19:20:05 status unpacked libsemanage-common:all 3.4-1
2024-05-09 19:20:06 install libsemanage2:amd64 <none> 3.4-1+b5
2024-05-09 19:20:06 status half-installed libsemanage2:amd64 3.4-1+b5
2024-05-09 19:20:07 status unpacked libsemanage2:amd64 3.4-1+b5
2024-05-09 19:20:08 install libsepol2:amd64 <none> 3.4-2.1
2024-05-09 19:20:08 status half-installed libsepol2:amd64 3.4-2.1
2024-05-09 19:20:09 status unpacked libsepol2:amd64 3.4-2.1
2024-05-09 19:20:09 install libsmartcols1:amd64 <none> 2.38.1-5+b1
2024-05-09 19:20:09 status half-installed libsmartcols1:amd64 2.38.1-5+b1
2024-05-09 19:20:10 status unpacked libsmartcols1:amd64 2.38.1-5+b1
2024-05-09 19:20:11 install libss2:amd64 <none> 1.47.0-2
2024-05-09 19:20:11 status half-installed libss2:amd64 1.47.0-2
2024-05-09 19:20:11 status unpacked libss2:amd64 1.47.0-2
2024-05-09 19:20:13 install libstdc++6:amd64 <none> 12.2.0-14
2024-05-09 19:20:13 status half-installed libstdc++6:amd64 12.2.0-14
2024-05-09 19:20:13 status unpacked libstdc++6:amd64 12.2.0-14
2024-05-09 19:20:13 install libsystemd0:amd64 <none> 252.22-1~deb12u1
2024-05-09 19:20:13 status half-installed libsystemd0:amd64 252.22-1~deb12u1
2024-05-09 19:20:14 status unpacked libsystemd0:amd64 252.22-1~deb12u1
2024-05-09 19:20:14 install libtasn1-6:amd64 <none> 4.19.0-2
2024-05-09 19:20:14 status half-installed libtasn1-6:amd64 4.19.0-2
2024-05-09 19:20:16 status unpacked libtasn1-6:amd64 4.19.0-2
2024-05-09 19:20:17 install libtext-glob-perl:all <none> 0.11-3
2024-05-09 19:20:17 status half-installed libtext-glob-perl:all 0.11-3
2024-05-09 19:20:18 status unpacked libtext-glob-perl:all 0.11-3
2024-05-09 19:20:19 install libtinfo6:amd64 <none> 6.4-4
2024-05-09 19:20:19 status half-installed libtinfo6:amd64 6.4-4
2024-05-09 19:20:21 status unpacked libtinfo6:amd64 6.4-4
2024-05-09 19:20:24 install libudev1:amd64 <none> 252.22-1~deb12u1
2024-05-09 19:20:24 status half-installed libudev1:amd64 252.22-1~deb12u1
2024-05-09 19:20:25 status unpacked libudev1:amd64 252.22-1~deb12u1
2024-05-09 19:20:27 install libunistring2:amd64 <none> 1.0-2
2024-05-09 19:20:27 status half-installed libunistring2:amd64 1.0-2
2024-05-09 19:20:29 status unpacked libunistring2:amd64 1.0-2
2024-05-09 19:20:32 install libuuid1:amd64 <none> 2.38.1-5+b1
2024-05-09 19:20:32 status half-installed libuuid1:amd64 2.38.1-5+b1
2024-05-09 19:20:33 status unpacked libuuid1:amd64 2.38.1-5+b1
2024-05-09 19:20:33 install libxxhash0:amd64 <none> 0.8.1-1
2024-05-09 19:20:33 status half-installed libxxhash0:amd64 0.8.1-1
2024-05-09 19:20:34 status unpacked libxxhash0:amd64 0.8.1-1
2024-05-09 19:20:34 install libzstd1:amd64 <none> 1.5.4+dfsg2-5
2024-05-09 19:20:34 status half-installed libzstd1:amd64 1.5.4+dfsg2-5
2024-05-09 19:20:35 status unpacked libzstd1:amd64 1.5.4+dfsg2-5
2024-05-09 19:20:35 install login:amd64 <none> 1:4.13+dfsg1-1+b1
2024-05-09 19:20:35 status half-installed login:amd64 1:4.13+dfsg1-1+b1
2024-05-09 19:20:37 status unpacked login:amd64 1:4.13+dfsg1-1+b1
2024-05-09 19:20:37 install logsave:amd64 <none> 1.47.0-2
2024-05-09 19:20:37 status half-installed logsave:amd64 1.47.0-2
2024-05-09 19:20:39 status unpacked logsave:amd64 1.47.0-2
2024-05-09 19:20:41 upgrade mawk:amd64 1.3.4.20200120-3.1 1.3.4.20200120-3.1
2024-05-09 19:20:41 status half-configured mawk:amd64 1.3.4.20200120-3.1
2024-05-09 19:20:42 status unpacked mawk:amd64 1.3.4.20200120-3.1
2024-05-09 19:20:42 status half-installed mawk:amd64 1.3.4.20200120-3.1
2024-05-09 19:20:43 status unpacked mawk:amd64 1.3.4.20200120-3.1
2024-05-09 19:20:43 install mount:amd64 <none> 2.38.1-5+b1
2024-05-09 19:20:43 status half-installed mount:amd64 2.38.1-5+b1
2024-05-09 19:20:43 status unpacked mount:amd64 2.38.1-5+b1
2024-05-09 19:20:44 install ncurses-base:all <none> 6.4-4
2024-05-09 19:20:44 status half-installed ncurses-base:all 6.4-4
2024-05-09 19:20:44 status unpacked ncurses-base:all 6.4-4
2024-05-09 19:20:44 install ncurses-bin:amd64 <none> 6.4-4
2024-05-09 19:20:44 status half-installed ncurses-bin:amd64 6.4-4
2024-05-09 19:20:45 status unpacked ncurses-bin:amd64 6.4-4
2024-05-09 19:20:45 install passwd:amd64 <none> 1:4.13+dfsg1-1+b1
2024-05-09 19:20:45 status half-installed passwd:amd64 1:4.13+dfsg1-1+b1
2024-05-09 19:20:46 status unpacked passwd:amd64 1:4.13+dfsg1-1+b1
2024-05-09 19:20:47 install perl:amd64 <none> 5.36.0-7+deb12u1
2024-05-09 19:20:47 status half-installed perl:amd64 5.36.0-7+deb12u1
2024-05-09 19:20:47 status unpacked perl:amd64 5.36.0-7+deb12u1
2024-05-09 19:20:47 upgrade perl-base:amd64 5.36.0-7+deb12u1 5.36.0-7+deb12u1
2024-05-09 19:20:47 status half-configured perl-base:amd64 5.36.0-7+deb12u1
2024-05-09 19:20:47 status unpacked perl-base:amd64 5.36.0-7+deb12u1
2024-05-09 19:20:48 status half-installed perl-base:amd64 5.36.0-7+deb12u1
2024-05-09 19:20:49 status unpacked perl-base:amd64 5.36.0-7+deb12u1
2024-05-09 19:20:52 install perl-modules-5.36:all <none> 5.36.0-7+deb12u1
2024-05-09 19:20:52 status half-installed perl-modules-5.36:all 5.36.0-7+deb12u1
2024-05-09 19:20:56 status unpacked perl-modules-5.36:all 5.36.0-7+deb12u1
2024-05-09 19:20:58 install sed:amd64 <none> 4.9-1
2024-05-09 19:20:58 status half-installed sed:amd64 4.9-1
2024-05-09 19:20:59 status unpacked sed:amd64 4.9-1
2024-05-09 19:20:59 install sysvinit-utils:amd64 <none> 3.06-4
2024-05-09 19:20:59 status half-installed sysvinit-utils:amd64 3.06-4
2024-05-09 19:20:59 status unpacked sysvinit-utils:amd64 3.06-4
2024-05-09 19:20:59 install tar:amd64 <none> 1.34+dfsg-1.2+deb12u1
2024-05-09 19:20:59 status half-installed tar:amd64 1.34+dfsg-1.2+deb12u1
2024-05-09 19:21:00 status unpacked tar:amd64 1.34+dfsg-1.2+deb12u1
2024-05-09 19:21:01 install tzdata:all <none> 2024a-0+deb12u1
2024-05-09 19:21:01 status half-installed tzdata:all 2024a-0+deb12u1
2024-05-09 19:21:05 status unpacked tzdata:all 2024a-0+deb12u1
2024-05-09 19:21:06 install usrmerge:all <none> 37~deb12u1
2024-05-09 19:21:06 status half-installed usrmerge:all 37~deb12u1
2024-05-09 19:21:06 status unpacked usrmerge:all 37~deb12u1
2024-05-09 19:21:07 install util-linux:amd64 <none> 2.38.1-5+b1
2024-05-09 19:21:07 status half-installed util-linux:amd64 2.38.1-5+b1
2024-05-09 19:21:08 status unpacked util-linux:amd64 2.38.1-5+b1
2024-05-09 19:21:08 install util-linux-extra:amd64 <none> 2.38.1-5+b1
2024-05-09 19:21:08 status half-installed util-linux-extra:amd64 2.38.1-5+b1
2024-05-09 19:21:09 status unpacked util-linux-extra:amd64 2.38.1-5+b1
2024-05-09 19:21:09 install zlib1g:amd64 <none> 1:1.2.13.dfsg-1
2024-05-09 19:21:09 status half-installed zlib1g:amd64 1:1.2.13.dfsg-1
2024-05-09 19:21:10 status unpacked zlib1g:amd64 1:1.2.13.dfsg-1
2024-05-09 19:21:11 startup packages configure
2024-05-09 19:21:11 configure libtext-glob-perl:all 0.11-3 <none>
2024-05-09 19:21:11 status unpacked libtext-glob-perl:all 0.11-3
2024-05-09 19:21:11 status half-configured libtext-glob-perl:all 0.11-3
2024-05-09 19:21:11 status installed libtext-glob-perl:all 0.11-3
2024-05-09 19:21:11 configure debian-archive-keyring:all 2023.3+deb12u1 <none>
2024-05-09 19:21:11 status unpacked debian-archive-keyring:all 2023.3+deb12u1
2024-05-09 19:21:12 status half-configured debian-archive-keyring:all 2023.3+deb12u1
2024-05-09 19:21:12 status installed debian-archive-keyring:all 2023.3+deb12u1
2024-05-09 19:21:12 configure libaudit-common:all 1:3.0.9-1 <none>
2024-05-09 19:21:12 status unpacked libaudit-common:all 1:3.0.9-1
2024-05-09 19:21:12 status half-configured libaudit-common:all 1:3.0.9-1
2024-05-09 19:21:12 status installed libaudit-common:all 1:3.0.9-1
2024-05-09 19:21:13 configure libsemanage-common:all 3.4-1 <none>
2024-05-09 19:21:13 status unpacked libsemanage-common:all 3.4-1
2024-05-09 19:21:13 status half-configured libsemanage-common:all 3.4-1
2024-05-09 19:21:13 status installed libsemanage-common:all 3.4-1
2024-05-09 19:21:13 configure debconf:all 1.5.82 <none>
2024-05-09 19:21:13 status unpacked debconf:all 1.5.82
2024-05-09 19:21:14 status half-configured debconf:all 1.5.82
2024-05-09 19:21:16 status installed debconf:all 1.5.82
2024-05-09 19:21:16 configure libnumber-compare-perl:all 0.03-3 <none>
2024-05-09 19:21:16 status unpacked libnumber-compare-perl:all 0.03-3
2024-05-09 19:21:16 status half-configured libnumber-compare-perl:all 0.03-3
2024-05-09 19:21:16 status installed libnumber-compare-perl:all 0.03-3
2024-05-09 19:21:17 configure gcc-12-base:amd64 12.2.0-14 <none>
2024-05-09 19:21:17 status unpacked gcc-12-base:amd64 12.2.0-14
2024-05-09 19:21:17 status half-configured gcc-12-base:amd64 12.2.0-14
2024-05-09 19:21:17 status installed gcc-12-base:amd64 12.2.0-14
2024-05-09 19:21:18 configure tzdata:all 2024a-0+deb12u1 <none>
2024-05-09 19:21:18 status unpacked tzdata:all 2024a-0+deb12u1
2024-05-09 19:21:18 status half-configured tzdata:all 2024a-0+deb12u1
2024-05-09 19:21:20 status installed tzdata:all 2024a-0+deb12u1
2024-05-09 19:21:20 configure ncurses-base:all 6.4-4 <none>
2024-05-09 19:21:20 status unpacked ncurses-base:all 6.4-4
2024-05-09 19:21:20 status half-configured ncurses-base:all 6.4-4
2024-05-09 19:21:20 status installed ncurses-base:all 6.4-4
2024-05-09 19:21:20 configure libgcc-s1:amd64 12.2.0-14 <none>
2024-05-09 19:21:20 status unpacked libgcc-s1:amd64 12.2.0-14
2024-05-09 19:21:20 status half-configured libgcc-s1:amd64 12.2.0-14
2024-05-09 19:21:20 status installed libgcc-s1:amd64 12.2.0-14
2024-05-09 19:21:20 configure libc6:amd64 2.36-9+deb12u4 <none>
2024-05-09 19:21:20 status unpacked libc6:amd64 2.36-9+deb12u4
2024-05-09 19:21:21 status half-configured libc6:amd64 2.36-9+deb12u4
2024-05-09 19:21:21 status installed libc6:amd64 2.36-9+deb12u4
2024-05-09 19:21:21 configure libudev1:amd64 252.22-1~deb12u1 <none>
2024-05-09 19:21:21 status unpacked libudev1:amd64 252.22-1~deb12u1
2024-05-09 19:21:21 status half-configured libudev1:amd64 252.22-1~deb12u1
2024-05-09 19:21:21 status installed libudev1:amd64 252.22-1~deb12u1
2024-05-09 19:21:21 configure libffi8:amd64 3.4.4-1 <none>
2024-05-09 19:21:21 status unpacked libffi8:amd64 3.4.4-1
2024-05-09 19:21:21 status half-configured libffi8:amd64 3.4.4-1
2024-05-09 19:21:21 status installed libffi8:amd64 3.4.4-1
2024-05-09 19:21:22 configure libmd0:amd64 1.0.4-2 <none>
2024-05-09 19:21:22 status unpacked libmd0:amd64 1.0.4-2
2024-05-09 19:21:22 status half-configured libmd0:amd64 1.0.4-2
2024-05-09 19:21:22 status installed libmd0:amd64 1.0.4-2
2024-05-09 19:21:22 configure libxxhash0:amd64 0.8.1-1 <none>
2024-05-09 19:21:22 status unpacked libxxhash0:amd64 0.8.1-1
2024-05-09 19:21:22 status half-configured libxxhash0:amd64 0.8.1-1
2024-05-09 19:21:22 status installed libxxhash0:amd64 0.8.1-1
2024-05-09 19:21:22 configure libattr1:amd64 1:2.5.1-4 <none>
2024-05-09 19:21:22 status unpacked libattr1:amd64 1:2.5.1-4
2024-05-09 19:21:22 status half-configured libattr1:amd64 1:2.5.1-4
2024-05-09 19:21:22 status installed libattr1:amd64 1:2.5.1-4
2024-05-09 19:21:22 configure sysvinit-utils:amd64 3.06-4 <none>
2024-05-09 19:21:22 status unpacked sysvinit-utils:amd64 3.06-4
2024-05-09 19:21:22 status half-configured sysvinit-utils:amd64 3.06-4
2024-05-09 19:21:23 status installed sysvinit-utils:amd64 3.06-4
2024-05-09 19:21:23 configure libtasn1-6:amd64 4.19.0-2 <none>
2024-05-09 19:21:23 status unpacked libtasn1-6:amd64 4.19.0-2
2024-05-09 19:21:23 status half-configured libtasn1-6:amd64 4.19.0-2
2024-05-09 19:21:23 status installed libtasn1-6:amd64 4.19.0-2
2024-05-09 19:21:23 configure debianutils:amd64 5.7-0.5~deb12u1 <none>
2024-05-09 19:21:23 status unpacked debianutils:amd64 5.7-0.5~deb12u1
2024-05-09 19:21:23 status half-configured debianutils:amd64 5.7-0.5~deb12u1
2024-05-09 19:21:24 status installed debianutils:amd64 5.7-0.5~deb12u1
2024-05-09 19:21:24 configure mawk:amd64 1.3.4.20200120-3.1 <none>
2024-05-09 19:21:24 status unpacked mawk:amd64 1.3.4.20200120-3.1
2024-05-09 19:21:24 status half-configured mawk:amd64 1.3.4.20200120-3.1
2024-05-09 19:21:24 status installed mawk:amd64 1.3.4.20200120-3.1
2024-05-09 19:21:24 configure libdebconfclient0:amd64 0.270 <none>
2024-05-09 19:21:24 status unpacked libdebconfclient0:amd64 0.270
2024-05-09 19:21:24 status half-configured libdebconfclient0:amd64 0.270
2024-05-09 19:21:24 status installed libdebconfclient0:amd64 0.270
2024-05-09 19:21:24 configure base-files:amd64 12.4+deb12u5 <none>
2024-05-09 19:21:24 status unpacked base-files:amd64 12.4+deb12u5
2024-05-09 19:21:25 status half-configured base-files:amd64 12.4+deb12u5
2024-05-09 19:21:25 status installed base-files:amd64 12.4+deb12u5
2024-05-09 19:21:26 configure libbz2-1.0:amd64 1.0.8-5+b1 <none>
2024-05-09 19:21:26 status unpacked libbz2-1.0:amd64 1.0.8-5+b1
2024-05-09 19:21:26 status half-configured libbz2-1.0:amd64 1.0.8-5+b1
2024-05-09 19:21:26 status installed libbz2-1.0:amd64 1.0.8-5+b1
2024-05-09 19:21:27 configure libdb5.3:amd64 5.3.28+dfsg2-1 <none>
2024-05-09 19:21:27 status unpacked libdb5.3:amd64 5.3.28+dfsg2-1
2024-05-09 19:21:27 status half-configured libdb5.3:amd64 5.3.28+dfsg2-1
2024-05-09 19:21:28 status installed libdb5.3:amd64 5.3.28+dfsg2-1
2024-05-09 19:21:28 configure libblkid1:amd64 2.38.1-5+b1 <none>
2024-05-09 19:21:28 status unpacked libblkid1:amd64 2.38.1-5+b1
2024-05-09 19:21:28 status half-configured libblkid1:amd64 2.38.1-5+b1
2024-05-09 19:21:28 status installed libblkid1:amd64 2.38.1-5+b1
2024-05-09 19:21:28 configure libstdc++6:amd64 12.2.0-14 <none>
2024-05-09 19:21:28 status unpacked libstdc++6:amd64 12.2.0-14
2024-05-09 19:21:28 status half-configured libstdc++6:amd64 12.2.0-14
2024-05-09 19:21:28 status installed libstdc++6:amd64 12.2.0-14
2024-05-09 19:21:28 configure libgdbm6:amd64 1.23-3 <none>
2024-05-09 19:21:28 status unpacked libgdbm6:amd64 1.23-3
2024-05-09 19:21:28 status half-configured libgdbm6:amd64 1.23-3
2024-05-09 19:21:28 status installed libgdbm6:amd64 1.23-3
2024-05-09 19:21:28 configure libtinfo6:amd64 6.4-4 <none>
2024-05-09 19:21:28 status unpacked libtinfo6:amd64 6.4-4
2024-05-09 19:21:28 status half-configured libtinfo6:amd64 6.4-4
2024-05-09 19:21:29 status installed libtinfo6:amd64 6.4-4
2024-05-09 19:21:29 configure bash:amd64 5.2.15-2+b2 <none>
2024-05-09 19:21:29 status unpacked bash:amd64 5.2.15-2+b2
2024-05-09 19:21:29 status half-configured bash:amd64 5.2.15-2+b2
2024-05-09 19:21:29 status installed bash:amd64 5.2.15-2+b2
2024-05-09 19:21:29 configure libzstd1:amd64 1.5.4+dfsg2-5 <none>
2024-05-09 19:21:29 status unpacked libzstd1:amd64 1.5.4+dfsg2-5
2024-05-09 19:21:29 status half-configured libzstd1:amd64 1.5.4+dfsg2-5
2024-05-09 19:21:30 status installed libzstd1:amd64 1.5.4+dfsg2-5
2024-05-09 19:21:30 configure liblzma5:amd64 5.4.1-0.2 <none>
2024-05-09 19:21:30 status unpacked liblzma5:amd64 5.4.1-0.2
2024-05-09 19:21:30 status half-configured liblzma5:amd64 5.4.1-0.2
2024-05-09 19:21:30 status installed liblzma5:amd64 5.4.1-0.2
2024-05-09 19:21:30 configure libgpg-error0:amd64 1.46-1 <none>
2024-05-09 19:21:30 status unpacked libgpg-error0:amd64 1.46-1
2024-05-09 19:21:30 status half-configured libgpg-error0:amd64 1.46-1
2024-05-09 19:21:30 status installed libgpg-error0:amd64 1.46-1
2024-05-09 19:21:30 configure liblz4-1:amd64 1.9.4-1 <none>
2024-05-09 19:21:30 status unpacked liblz4-1:amd64 1.9.4-1
2024-05-09 19:21:30 status half-configured liblz4-1:amd64 1.9.4-1
2024-05-09 19:21:30 status installed liblz4-1:amd64 1.9.4-1
2024-05-09 19:21:30 configure libc-bin:amd64 2.36-9+deb12u4 <none>
2024-05-09 19:21:30 status unpacked libc-bin:amd64 2.36-9+deb12u4
2024-05-09 19:21:31 status half-configured libc-bin:amd64 2.36-9+deb12u4
2024-05-09 19:21:32 status installed libc-bin:amd64 2.36-9+deb12u4
2024-05-09 19:21:32 configure ncurses-bin:amd64 6.4-4 <none>
2024-05-09 19:21:32 status unpacked ncurses-bin:amd64 6.4-4
2024-05-09 19:21:32 status half-configured ncurses-bin:amd64 6.4-4
2024-05-09 19:21:32 status installed ncurses-bin:amd64 6.4-4
2024-05-09 19:21:33 configure libacl1:amd64 2.3.1-3 <none>
2024-05-09 19:21:33 status triggers-pending libc-bin:amd64 2.36-9+deb12u4
2024-05-09 19:21:33 status unpacked libacl1:amd64 2.3.1-3
2024-05-09 19:21:33 status half-configured libacl1:amd64 2.3.1-3
2024-05-09 19:21:33 status installed libacl1:amd64 2.3.1-3
2024-05-09 19:21:33 configure libunistring2:amd64 1.0-2 <none>
2024-05-09 19:21:33 status unpacked libunistring2:amd64 1.0-2
2024-05-09 19:21:33 status half-configured libunistring2:amd64 1.0-2
2024-05-09 19:21:33 status installed libunistring2:amd64 1.0-2
2024-05-09 19:21:33 configure libsmartcols1:amd64 2.38.1-5+b1 <none>
2024-05-09 19:21:33 status unpacked libsmartcols1:amd64 2.38.1-5+b1
2024-05-09 19:21:33 status half-configured libsmartcols1:amd64 2.38.1-5+b1
2024-05-09 19:21:33 status installed libsmartcols1:amd64 2.38.1-5+b1
2024-05-09 19:21:33 configure libgcrypt20:amd64 1.10.1-3 <none>
2024-05-09 19:21:33 status unpacked libgcrypt20:amd64 1.10.1-3
2024-05-09 19:21:33 status half-configured libgcrypt20:amd64 1.10.1-3
2024-05-09 19:21:33 status installed libgcrypt20:amd64 1.10.1-3
2024-05-09 19:21:34 configure zlib1g:amd64 1:1.2.13.dfsg-1 <none>
2024-05-09 19:21:34 status unpacked zlib1g:amd64 1:1.2.13.dfsg-1
2024-05-09 19:21:34 status half-configured zlib1g:amd64 1:1.2.13.dfsg-1
2024-05-09 19:21:34 status installed zlib1g:amd64 1:1.2.13.dfsg-1
2024-05-09 19:21:34 configure libcrypt1:amd64 1:4.4.33-2 <none>
2024-05-09 19:21:34 status unpacked libcrypt1:amd64 1:4.4.33-2
2024-05-09 19:21:34 status half-configured libcrypt1:amd64 1:4.4.33-2
2024-05-09 19:21:34 status installed libcrypt1:amd64 1:4.4.33-2
2024-05-09 19:21:34 configure libidn2-0:amd64 2.3.3-1+b1 <none>
2024-05-09 19:21:34 status unpacked libidn2-0:amd64 2.3.3-1+b1
2024-05-09 19:21:34 status half-configured libidn2-0:amd64 2.3.3-1+b1
2024-05-09 19:21:34 status installed libidn2-0:amd64 2.3.3-1+b1
2024-05-09 19:21:34 configure libcom-err2:amd64 1.47.0-2 <none>
2024-05-09 19:21:34 status unpacked libcom-err2:amd64 1.47.0-2
2024-05-09 19:21:34 status half-configured libcom-err2:amd64 1.47.0-2
2024-05-09 19:21:34 status installed libcom-err2:amd64 1.47.0-2
2024-05-09 19:21:35 configure diffutils:amd64 1:3.8-4 <none>
2024-05-09 19:21:35 status unpacked diffutils:amd64 1:3.8-4
2024-05-09 19:21:35 status half-configured diffutils:amd64 1:3.8-4
2024-05-09 19:21:35 status installed diffutils:amd64 1:3.8-4
2024-05-09 19:21:35 configure libseccomp2:amd64 2.5.4-1+b3 <none>
2024-05-09 19:21:35 status unpacked libseccomp2:amd64 2.5.4-1+b3
2024-05-09 19:21:35 status half-configured libseccomp2:amd64 2.5.4-1+b3
2024-05-09 19:21:35 status installed libseccomp2:amd64 2.5.4-1+b3
2024-05-09 19:21:35 configure libcap2:amd64 1:2.66-4 <none>
2024-05-09 19:21:35 status unpacked libcap2:amd64 1:2.66-4
2024-05-09 19:21:35 status half-configured libcap2:amd64 1:2.66-4
2024-05-09 19:21:35 status installed libcap2:amd64 1:2.66-4
2024-05-09 19:21:35 configure hostname:amd64 3.23+nmu1 <none>
2024-05-09 19:21:35 status unpacked hostname:amd64 3.23+nmu1
2024-05-09 19:21:35 status half-configured hostname:amd64 3.23+nmu1
2024-05-09 19:21:35 status installed hostname:amd64 3.23+nmu1
2024-05-09 19:21:36 configure libcap-ng0:amd64 0.8.3-1+b3 <none>
2024-05-09 19:21:36 status unpacked libcap-ng0:amd64 0.8.3-1+b3
2024-05-09 19:21:36 status half-configured libcap-ng0:amd64 0.8.3-1+b3
2024-05-09 19:21:36 status installed libcap-ng0:amd64 0.8.3-1+b3
2024-05-09 19:21:36 configure libext2fs2:amd64 1.47.0-2 <none>
2024-05-09 19:21:36 status unpacked libext2fs2:amd64 1.47.0-2
2024-05-09 19:21:36 status half-configured libext2fs2:amd64 1.47.0-2
2024-05-09 19:21:36 status installed libext2fs2:amd64 1.47.0-2
2024-05-09 19:21:36 configure libnettle8:amd64 3.8.1-2 <none>
2024-05-09 19:21:36 status unpacked libnettle8:amd64 3.8.1-2
2024-05-09 19:21:36 status half-configured libnettle8:amd64 3.8.1-2
2024-05-09 19:21:36 status installed libnettle8:amd64 3.8.1-2
2024-05-09 19:21:36 configure libgmp10:amd64 2:6.2.1+dfsg1-1.1 <none>
2024-05-09 19:21:36 status unpacked libgmp10:amd64 2:6.2.1+dfsg1-1.1
2024-05-09 19:21:36 status half-configured libgmp10:amd64 2:6.2.1+dfsg1-1.1
2024-05-09 19:21:36 status installed libgmp10:amd64 2:6.2.1+dfsg1-1.1
2024-05-09 19:21:37 configure libp11-kit0:amd64 0.24.1-2 <none>
2024-05-09 19:21:37 status unpacked libp11-kit0:amd64 0.24.1-2
2024-05-09 19:21:37 status half-configured libp11-kit0:amd64 0.24.1-2
2024-05-09 19:21:37 status installed libp11-kit0:amd64 0.24.1-2
2024-05-09 19:21:37 configure libaudit1:amd64 1:3.0.9-1 <none>
2024-05-09 19:21:37 status unpacked libaudit1:amd64 1:3.0.9-1
2024-05-09 19:21:37 status half-configured libaudit1:amd64 1:3.0.9-1
2024-05-09 19:21:37 status installed libaudit1:amd64 1:3.0.9-1
2024-05-09 19:21:37 configure libuuid1:amd64 2.38.1-5+b1 <none>
2024-05-09 19:21:37 status unpacked libuuid1:amd64 2.38.1-5+b1
2024-05-09 19:21:37 status half-configured libuuid1:amd64 2.38.1-5+b1
2024-05-09 19:21:37 status installed libuuid1:amd64 2.38.1-5+b1
2024-05-09 19:21:37 configure libss2:amd64 1.47.0-2 <none>
2024-05-09 19:21:37 status unpacked libss2:amd64 1.47.0-2
2024-05-09 19:21:37 status half-configured libss2:amd64 1.47.0-2
2024-05-09 19:21:37 status installed libss2:amd64 1.47.0-2
2024-05-09 19:21:37 configure libgdbm-compat4:amd64 1.23-3 <none>
2024-05-09 19:21:37 status unpacked libgdbm-compat4:amd64 1.23-3
2024-05-09 19:21:38 status half-configured libgdbm-compat4:amd64 1.23-3
2024-05-09 19:21:38 status installed libgdbm-compat4:amd64 1.23-3
2024-05-09 19:21:38 configure libsepol2:amd64 3.4-2.1 <none>
2024-05-09 19:21:38 status unpacked libsepol2:amd64 3.4-2.1
2024-05-09 19:21:38 status half-configured libsepol2:amd64 3.4-2.1
2024-05-09 19:21:38 status installed libsepol2:amd64 3.4-2.1
2024-05-09 19:21:38 configure libpcre2-8-0:amd64 10.42-1 <none>
2024-05-09 19:21:38 status unpacked libpcre2-8-0:amd64 10.42-1
2024-05-09 19:21:38 status half-configured libpcre2-8-0:amd64 10.42-1
2024-05-09 19:21:38 status installed libpcre2-8-0:amd64 10.42-1
2024-05-09 19:21:38 configure logsave:amd64 1.47.0-2 <none>
2024-05-09 19:21:38 status unpacked logsave:amd64 1.47.0-2
2024-05-09 19:21:38 status half-configured logsave:amd64 1.47.0-2
2024-05-09 19:21:38 status installed logsave:amd64 1.47.0-2
2024-05-09 19:21:38 configure gpgv:amd64 2.2.40-1.1 <none>
2024-05-09 19:21:38 status unpacked gpgv:amd64 2.2.40-1.1
2024-05-09 19:21:39 status half-configured gpgv:amd64 2.2.40-1.1
2024-05-09 19:21:39 status installed gpgv:amd64 2.2.40-1.1
2024-05-09 19:21:39 configure util-linux-extra:amd64 2.38.1-5+b1 <none>
2024-05-09 19:21:39 status unpacked util-linux-extra:amd64 2.38.1-5+b1
2024-05-09 19:21:39 status half-configured util-linux-extra:amd64 2.38.1-5+b1
2024-05-09 19:21:39 status installed util-linux-extra:amd64 2.38.1-5+b1
2024-05-09 19:21:39 configure libhogweed6:amd64 3.8.1-2 <none>
2024-05-09 19:21:39 status unpacked libhogweed6:amd64 3.8.1-2
2024-05-09 19:21:39 status half-configured libhogweed6:amd64 3.8.1-2
2024-05-09 19:21:39 status installed libhogweed6:amd64 3.8.1-2
2024-05-09 19:21:39 configure e2fsprogs:amd64 1.47.0-2 <none>
2024-05-09 19:21:39 status unpacked e2fsprogs:amd64 1.47.0-2
2024-05-09 19:21:40 status half-configured e2fsprogs:amd64 1.47.0-2
2024-05-09 19:21:40 status installed e2fsprogs:amd64 1.47.0-2
2024-05-09 19:21:40 configure libsystemd0:amd64 252.22-1~deb12u1 <none>
2024-05-09 19:21:40 status unpacked libsystemd0:amd64 252.22-1~deb12u1
2024-05-09 19:21:40 status half-configured libsystemd0:amd64 252.22-1~deb12u1
2024-05-09 19:21:40 status installed libsystemd0:amd64 252.22-1~deb12u1
2024-05-09 19:21:40 configure libselinux1:amd64 3.4-1+b6 <none>
2024-05-09 19:21:40 status unpacked libselinux1:amd64 3.4-1+b6
2024-05-09 19:21:40 status half-configured libselinux1:amd64 3.4-1+b6
2024-05-09 19:21:41 status installed libselinux1:amd64 3.4-1+b6
2024-05-09 19:21:41 configure libgnutls30:amd64 3.7.9-2+deb12u2 <none>
2024-05-09 19:21:41 status unpacked libgnutls30:amd64 3.7.9-2+deb12u2
2024-05-09 19:21:41 status half-configured libgnutls30:amd64 3.7.9-2+deb12u2
2024-05-09 19:21:41 status installed libgnutls30:amd64 3.7.9-2+deb12u2
2024-05-09 19:21:41 configure libpam0g:amd64 1.5.2-6+deb12u1 <none>
2024-05-09 19:21:41 status unpacked libpam0g:amd64 1.5.2-6+deb12u1
2024-05-09 19:21:41 status half-configured libpam0g:amd64 1.5.2-6+deb12u1
2024-05-09 19:21:41 status installed libpam0g:amd64 1.5.2-6+deb12u1
2024-05-09 19:21:41 configure libapt-pkg6.0:amd64 2.6.1 <none>
2024-05-09 19:21:41 status unpacked libapt-pkg6.0:amd64 2.6.1
2024-05-09 19:21:41 status half-configured libapt-pkg6.0:amd64 2.6.1
2024-05-09 19:21:41 status installed libapt-pkg6.0:amd64 2.6.1
2024-05-09 19:21:41 configure sed:amd64 4.9-1 <none>
2024-05-09 19:21:41 status unpacked sed:amd64 4.9-1
2024-05-09 19:21:42 status half-configured sed:amd64 4.9-1
2024-05-09 19:21:42 status installed sed:amd64 4.9-1
2024-05-09 19:21:42 configure findutils:amd64 4.9.0-4 <none>
2024-05-09 19:21:42 status unpacked findutils:amd64 4.9.0-4
2024-05-09 19:21:42 status half-configured findutils:amd64 4.9.0-4
2024-05-09 19:21:42 status installed findutils:amd64 4.9.0-4
2024-05-09 19:21:42 configure libmount1:amd64 2.38.1-5+b1 <none>
2024-05-09 19:21:42 status unpacked libmount1:amd64 2.38.1-5+b1
2024-05-09 19:21:42 status half-configured libmount1:amd64 2.38.1-5+b1
2024-05-09 19:21:42 status installed libmount1:amd64 2.38.1-5+b1
2024-05-09 19:21:42 configure libsemanage2:amd64 3.4-1+b5 <none>
2024-05-09 19:21:42 status unpacked libsemanage2:amd64 3.4-1+b5
2024-05-09 19:21:42 status half-configured libsemanage2:amd64 3.4-1+b5
2024-05-09 19:21:42 status installed libsemanage2:amd64 3.4-1+b5
2024-05-09 19:21:42 configure base-passwd:amd64 3.6.1 <none>
2024-05-09 19:21:42 status unpacked base-passwd:amd64 3.6.1
2024-05-09 19:21:43 status half-configured base-passwd:amd64 3.6.1
2024-05-09 19:21:44 status installed base-passwd:amd64 3.6.1
2024-05-09 19:21:44 configure bsdutils:amd64 1:2.38.1-5+b1 <none>
2024-05-09 19:21:44 status unpacked bsdutils:amd64 1:2.38.1-5+b1
2024-05-09 19:21:44 status half-configured bsdutils:amd64 1:2.38.1-5+b1
2024-05-09 19:21:44 status installed bsdutils:amd64 1:2.38.1-5+b1
2024-05-09 19:21:44 configure tar:amd64 1.34+dfsg-1.2+deb12u1 <none>
2024-05-09 19:21:44 status unpacked tar:amd64 1.34+dfsg-1.2+deb12u1
2024-05-09 19:21:44 status half-configured tar:amd64 1.34+dfsg-1.2+deb12u1
2024-05-09 19:21:44 status installed tar:amd64 1.34+dfsg-1.2+deb12u1
2024-05-09 19:21:44 configure libpam-modules-bin:amd64 1.5.2-6+deb12u1 <none>
2024-05-09 19:21:44 status unpacked libpam-modules-bin:amd64 1.5.2-6+deb12u1
2024-05-09 19:21:44 status half-configured libpam-modules-bin:amd64 1.5.2-6+deb12u1
2024-05-09 19:21:44 status installed libpam-modules-bin:amd64 1.5.2-6+deb12u1
2024-05-09 19:21:44 configure coreutils:amd64 9.1-1 <none>
2024-05-09 19:21:44 status unpacked coreutils:amd64 9.1-1
2024-05-09 19:21:45 status half-configured coreutils:amd64 9.1-1
2024-05-09 19:21:45 status installed coreutils:amd64 9.1-1
2024-05-09 19:21:45 configure util-linux:amd64 2.38.1-5+b1 <none>
2024-05-09 19:21:45 status unpacked util-linux:amd64 2.38.1-5+b1
2024-05-09 19:21:45 status half-configured util-linux:amd64 2.38.1-5+b1
2024-05-09 19:21:45 status installed util-linux:amd64 2.38.1-5+b1
2024-05-09 19:21:45 configure dpkg:amd64 1.21.22 <none>
2024-05-09 19:21:45 status unpacked dpkg:amd64 1.21.22
2024-05-09 19:21:46 status half-configured dpkg:amd64 1.21.22
2024-05-09 19:21:47 status installed dpkg:amd64 1.21.22
2024-05-09 19:21:47 configure mount:amd64 2.38.1-5+b1 <none>
2024-05-09 19:21:47 status unpacked mount:amd64 2.38.1-5+b1
2024-05-09 19:21:47 status half-configured mount:amd64 2.38.1-5+b1
2024-05-09 19:21:47 status installed mount:amd64 2.38.1-5+b1
2024-05-09 19:21:47 configure dash:amd64 0.5.12-2 <none>
2024-05-09 19:21:47 status unpacked dash:amd64 0.5.12-2
2024-05-09 19:21:47 status half-configured dash:amd64 0.5.12-2
2024-05-09 19:21:47 status installed dash:amd64 0.5.12-2
2024-05-09 19:21:47 configure libpam-modules:amd64 1.5.2-6+deb12u1 <none>
2024-05-09 19:21:47 status unpacked libpam-modules:amd64 1.5.2-6+deb12u1
2024-05-09 19:21:48 status half-configured libpam-modules:amd64 1.5.2-6+deb12u1
2024-05-09 19:21:48 status installed libpam-modules:amd64 1.5.2-6+deb12u1
2024-05-09 19:21:48 configure grep:amd64 3.8-5 <none>
2024-05-09 19:21:48 status unpacked grep:amd64 3.8-5
2024-05-09 19:21:48 status half-configured grep:amd64 3.8-5
2024-05-09 19:21:49 status installed grep:amd64 3.8-5
2024-05-09 19:21:49 configure perl-base:amd64 5.36.0-7+deb12u1 <none>
2024-05-09 19:21:49 status unpacked perl-base:amd64 5.36.0-7+deb12u1
2024-05-09 19:21:49 status half-configured perl-base:amd64 5.36.0-7+deb12u1
2024-05-09 19:21:49 status installed perl-base:amd64 5.36.0-7+deb12u1
2024-05-09 19:21:49 configure perl-modules-5.36:all 5.36.0-7+deb12u1 <none>
2024-05-09 19:21:49 status unpacked perl-modules-5.36:all 5.36.0-7+deb12u1
2024-05-09 19:21:49 status half-configured perl-modules-5.36:all 5.36.0-7+deb12u1
2024-05-09 19:21:49 status installed perl-modules-5.36:all 5.36.0-7+deb12u1
2024-05-09 19:21:49 configure gzip:amd64 1.12-1 <none>
2024-05-09 19:21:49 status unpacked gzip:amd64 1.12-1
2024-05-09 19:21:49 status half-configured gzip:amd64 1.12-1
2024-05-09 19:21:49 status installed gzip:amd64 1.12-1
2024-05-09 19:21:49 configure passwd:amd64 1:4.13+dfsg1-1+b1 <none>
2024-05-09 19:21:49 status unpacked passwd:amd64 1:4.13+dfsg1-1+b1
2024-05-09 19:21:50 status half-configured passwd:amd64 1:4.13+dfsg1-1+b1
2024-05-09 19:21:51 status installed passwd:amd64 1:4.13+dfsg1-1+b1
2024-05-09 19:21:51 configure libpam-runtime:all 1.5.2-6+deb12u1 <none>
2024-05-09 19:21:51 status unpacked libpam-runtime:all 1.5.2-6+deb12u1
2024-05-09 19:21:52 status half-configured libpam-runtime:all 1.5.2-6+deb12u1
2024-05-09 19:21:52 status installed libpam-runtime:all 1.5.2-6+deb12u1
2024-05-09 19:21:52 configure libperl5.36:amd64 5.36.0-7+deb12u1 <none>
2024-05-09 19:21:52 status unpacked libperl5.36:amd64 5.36.0-7+deb12u1
2024-05-09 19:21:53 status half-configured libperl5.36:amd64 5.36.0-7+deb12u1
2024-05-09 19:21:53 status installed libperl5.36:amd64 5.36.0-7+deb12u1
2024-05-09 19:21:53 configure login:amd64 1:4.13+dfsg1-1+b1 <none>
2024-05-09 19:21:53 status unpacked login:amd64 1:4.13+dfsg1-1+b1
2024-05-09 19:21:53 status half-configured login:amd64 1:4.13+dfsg1-1+b1
2024-05-09 19:21:53 status installed login:amd64 1:4.13+dfsg1-1+b1
2024-05-09 19:21:54 configure adduser:all 3.134 <none>
2024-05-09 19:21:54 status unpacked adduser:all 3.134
2024-05-09 19:21:54 status half-configured adduser:all 3.134
2024-05-09 19:21:54 status installed adduser:all 3.134
2024-05-09 19:21:54 configure apt:amd64 2.6.1 <none>
2024-05-09 19:21:54 status unpacked apt:amd64 2.6.1
2024-05-09 19:21:54 status half-configured apt:amd64 2.6.1
2024-05-09 19:21:55 status installed apt:amd64 2.6.1
2024-05-09 19:21:56 configure perl:amd64 5.36.0-7+deb12u1 <none>
2024-05-09 19:21:56 status unpacked perl:amd64 5.36.0-7+deb12u1
2024-05-09 19:21:57 status half-configured perl:amd64 5.36.0-7+deb12u1
2024-05-09 19:21:59 status installed perl:amd64 5.36.0-7+deb12u1
2024-05-09 19:21:59 configure libfile-find-rule-perl:all 0.34-3 <none>
2024-05-09 19:21:59 status unpacked libfile-find-rule-perl:all 0.34-3
2024-05-09 19:21:59 status half-configured libfile-find-rule-perl:all 0.34-3
2024-05-09 19:22:00 status installed libfile-find-rule-perl:all 0.34-3
2024-05-09 19:22:00 configure usrmerge:all 37~deb12u1 <none>
2024-05-09 19:22:00 status unpacked usrmerge:all 37~deb12u1
2024-05-09 19:22:00 status half-configured usrmerge:all 37~deb12u1
2024-05-09 19:22:03 status installed usrmerge:all 37~deb12u1
2024-05-09 19:22:03 configure init-system-helpers:all 1.65.2 <none>
2024-05-09 19:22:03 status unpacked init-system-helpers:all 1.65.2
2024-05-09 19:22:03 status half-configured init-system-helpers:all 1.65.2
2024-05-09 19:22:03 status installed init-system-helpers:all 1.65.2
2024-05-09 19:22:04 trigproc libc-bin:amd64 2.36-9+deb12u4 <none>
2024-05-09 19:22:04 status half-configured libc-bin:amd64 2.36-9+deb12u4
2024-05-09 19:22:04 status installed libc-bin:amd64 2.36-9+deb12u4
2024-05-09 19:22:07 startup archives install
2024-05-09 19:22:09 install libssl3:amd64 <none> 3.0.11-1~deb12u2
2024-05-09 19:22:09 status triggers-pending libc-bin:amd64 2.36-9+deb12u4
2024-05-09 19:22:10 status half-installed libssl3:amd64 3.0.11-1~deb12u2
2024-05-09 19:22:13 status unpacked libssl3:amd64 3.0.11-1~deb12u2
2024-05-09 19:22:14 configure libssl3:amd64 3.0.11-1~deb12u2 3.0.11-1~deb12u2
2024-05-09 19:22:14 status half-configured libssl3:amd64 3.0.11-1~deb12u2
2024-05-09 19:22:14 status installed libssl3:amd64 3.0.11-1~deb12u2
2024-05-09 19:22:14 trigproc libc-bin:amd64 2.36-9+deb12u4 <none>
2024-05-09 19:22:14 status half-configured libc-bin:amd64 2.36-9+deb12u4
2024-05-09 19:22:14 status installed libc-bin:amd64 2.36-9+deb12u4
2024-05-09 19:22:17 startup archives install
2024-05-09 19:22:17 install dmsetup:amd64 <none> 2:1.02.185-2
2024-05-09 19:22:17 status half-installed dmsetup:amd64 2:1.02.185-2
2024-05-09 19:22:17 status unpacked dmsetup:amd64 2:1.02.185-2
2024-05-09 19:22:18 install libapparmor1:amd64 <none> 3.0.8-3
2024-05-09 19:22:18 status triggers-pending libc-bin:amd64 2.36-9+deb12u4
2024-05-09 19:22:18 status half-installed libapparmor1:amd64 3.0.8-3
2024-05-09 19:22:18 status unpacked libapparmor1:amd64 3.0.8-3
2024-05-09 19:22:21 install libargon2-1:amd64 <none> 0~20171227-0.3+deb12u1
2024-05-09 19:22:21 status half-installed libargon2-1:amd64 0~20171227-0.3+deb12u1
2024-05-09 19:22:22 status unpacked libargon2-1:amd64 0~20171227-0.3+deb12u1
2024-05-09 19:22:25 install libcryptsetup12:amd64 <none> 2:2.6.1-4~deb12u2
2024-05-09 19:22:25 status half-installed libcryptsetup12:amd64 2:2.6.1-4~deb12u2
2024-05-09 19:22:27 status unpacked libcryptsetup12:amd64 2:2.6.1-4~deb12u2
2024-05-09 19:22:29 install libdevmapper1.02.1:amd64 <none> 2:1.02.185-2
2024-05-09 19:22:29 status half-installed libdevmapper1.02.1:amd64 2:1.02.185-2
2024-05-09 19:22:29 status unpacked libdevmapper1.02.1:amd64 2:1.02.185-2
2024-05-09 19:22:30 install libfdisk1:amd64 <none> 2.38.1-5+b1
2024-05-09 19:22:30 status half-installed libfdisk1:amd64 2.38.1-5+b1
2024-05-09 19:22:30 status unpacked libfdisk1:amd64 2.38.1-5+b1
2024-05-09 19:22:30 install libip4tc2:amd64 <none> 1.8.9-2
2024-05-09 19:22:30 status half-installed libip4tc2:amd64 1.8.9-2
2024-05-09 19:22:31 status unpacked libip4tc2:amd64 1.8.9-2
2024-05-09 19:22:31 install libjson-c5:amd64 <none> 0.16-2
2024-05-09 19:22:31 status half-installed libjson-c5:amd64 0.16-2
2024-05-09 19:22:31 status unpacked libjson-c5:amd64 0.16-2
2024-05-09 19:22:32 install libkmod2:amd64 <none> 30+20221128-1
2024-05-09 19:22:32 status half-installed libkmod2:amd64 30+20221128-1
2024-05-09 19:22:32 status unpacked libkmod2:amd64 30+20221128-1
2024-05-09 19:22:32 install libsystemd-shared:amd64 <none> 252.22-1~deb12u1
2024-05-09 19:22:32 status half-installed libsystemd-shared:amd64 252.22-1~deb12u1
2024-05-09 19:22:33 status unpacked libsystemd-shared:amd64 252.22-1~deb12u1
2024-05-09 19:22:34 install systemd:amd64 <none> 252.22-1~deb12u1
2024-05-09 19:22:34 status half-installed systemd:amd64 252.22-1~deb12u1
2024-05-09 19:22:35 status unpacked systemd:amd64 252.22-1~deb12u1
2024-05-09 19:22:36 configure libapparmor1:amd64 3.0.8-3 3.0.8-3
2024-05-09 19:22:36 status half-configured libapparmor1:amd64 3.0.8-3
2024-05-09 19:22:36 status installed libapparmor1:amd64 3.0.8-3
2024-05-09 19:22:36 configure libargon2-1:amd64 0~20171227-0.3+deb12u1 0~20171227-0.3+deb12u1
2024-05-09 19:22:36 status half-configured libargon2-1:amd64 0~20171227-0.3+deb12u1
2024-05-09 19:22:36 status installed libargon2-1:amd64 0~20171227-0.3+deb12u1
2024-05-09 19:22:36 configure libfdisk1:amd64 2.38.1-5+b1 2.38.1-5+b1
2024-05-09 19:22:36 status half-configured libfdisk1:amd64 2.38.1-5+b1
2024-05-09 19:22:36 status installed libfdisk1:amd64 2.38.1-5+b1
2024-05-09 19:22:36 configure libip4tc2:amd64 1.8.9-2 1.8.9-2
2024-05-09 19:22:37 status half-configured libip4tc2:amd64 1.8.9-2
2024-05-09 19:22:37 status installed libip4tc2:amd64 1.8.9-2
2024-05-09 19:22:37 configure libjson-c5:amd64 0.16-2 0.16-2
2024-05-09 19:22:37 status half-configured libjson-c5:amd64 0.16-2
2024-05-09 19:22:37 status installed libjson-c5:amd64 0.16-2
2024-05-09 19:22:37 configure libkmod2:amd64 30+20221128-1 30+20221128-1
2024-05-09 19:22:37 status half-configured libkmod2:amd64 30+20221128-1
2024-05-09 19:22:37 status installed libkmod2:amd64 30+20221128-1
2024-05-09 19:22:37 configure libsystemd-shared:amd64 252.22-1~deb12u1 252.22-1~deb12u1
2024-05-09 19:22:37 status half-configured libsystemd-shared:amd64 252.22-1~deb12u1
2024-05-09 19:22:37 status installed libsystemd-shared:amd64 252.22-1~deb12u1
2024-05-09 19:22:37 configure libdevmapper1.02.1:amd64 2:1.02.185-2 2:1.02.185-2
2024-05-09 19:22:38 status half-configured libdevmapper1.02.1:amd64 2:1.02.185-2
2024-05-09 19:22:38 status installed libdevmapper1.02.1:amd64 2:1.02.185-2
2024-05-09 19:22:38 configure dmsetup:amd64 2:1.02.185-2 2:1.02.185-2
2024-05-09 19:22:38 status half-configured dmsetup:amd64 2:1.02.185-2
2024-05-09 19:22:38 status installed dmsetup:amd64 2:1.02.185-2
2024-05-09 19:22:38 configure libcryptsetup12:amd64 2:2.6.1-4~deb12u2 2:2.6.1-4~deb12u2
2024-05-09 19:22:38 status half-configured libcryptsetup12:amd64 2:2.6.1-4~deb12u2
2024-05-09 19:22:38 status installed libcryptsetup12:amd64 2:2.6.1-4~deb12u2
2024-05-09 19:22:38 configure systemd:amd64 252.22-1~deb12u1 252.22-1~deb12u1
2024-05-09 19:22:39 status half-configured systemd:amd64 252.22-1~deb12u1
2024-05-09 19:22:40 status installed systemd:amd64 252.22-1~deb12u1
2024-05-09 19:22:40 trigproc libc-bin:amd64 2.36-9+deb12u4 <none>
2024-05-09 19:22:40 status half-configured libc-bin:amd64 2.36-9+deb12u4
2024-05-09 19:22:40 status installed libc-bin:amd64 2.36-9+deb12u4
2024-05-09 19:22:44 startup archives install
2024-05-09 19:22:45 install systemd-sysv:amd64 <none> 252.22-1~deb12u1
2024-05-09 19:22:45 status half-installed systemd-sysv:amd64 252.22-1~deb12u1
2024-05-09 19:22:45 status unpacked systemd-sysv:amd64 252.22-1~deb12u1
2024-05-09 19:22:46 configure systemd-sysv:amd64 252.22-1~deb12u1 252.22-1~deb12u1
2024-05-09 19:22:46 status half-configured systemd-sysv:amd64 252.22-1~deb12u1
2024-05-09 19:22:46 status installed systemd-sysv:amd64 252.22-1~deb12u1
2024-05-09 19:22:50 startup archives install
2024-05-09 19:22:53 install cron-daemon-common:all <none> 3.0pl1-162
2024-05-09 19:22:53 status half-installed cron-daemon-common:all 3.0pl1-162
2024-05-09 19:22:55 status unpacked cron-daemon-common:all 3.0pl1-162
2024-05-09 19:22:55 configure cron-daemon-common:all 3.0pl1-162 3.0pl1-162
2024-05-09 19:22:59 status half-configured cron-daemon-common:all 3.0pl1-162
2024-05-09 19:23:01 status installed cron-daemon-common:all 3.0pl1-162
2024-05-09 19:23:02 startup archives unpack
2024-05-09 19:23:02 install apt-utils:amd64 <none> 2.6.1
2024-05-09 19:23:02 status half-installed apt-utils:amd64 2.6.1
2024-05-09 19:23:04 status unpacked apt-utils:amd64 2.6.1
2024-05-09 19:23:04 install cpio:amd64 <none> 2.13+dfsg-7.1
2024-05-09 19:23:04 status half-installed cpio:amd64 2.13+dfsg-7.1
2024-05-09 19:23:05 status unpacked cpio:amd64 2.13+dfsg-7.1
2024-05-09 19:23:05 install cron:amd64 <none> 3.0pl1-162
2024-05-09 19:23:05 status half-installed cron:amd64 3.0pl1-162
2024-05-09 19:23:06 status unpacked cron:amd64 3.0pl1-162
2024-05-09 19:23:06 install debconf-i18n:all <none> 1.5.82
2024-05-09 19:23:06 status half-installed debconf-i18n:all 1.5.82
2024-05-09 19:23:06 status unpacked debconf-i18n:all 1.5.82
2024-05-09 19:23:07 install dmidecode:amd64 <none> 3.4-1
2024-05-09 19:23:07 status half-installed dmidecode:amd64 3.4-1
2024-05-09 19:23:07 status unpacked dmidecode:amd64 3.4-1
2024-05-09 19:23:07 install fdisk:amd64 <none> 2.38.1-5+b1
2024-05-09 19:23:07 status half-installed fdisk:amd64 2.38.1-5+b1
2024-05-09 19:23:08 status unpacked fdisk:amd64 2.38.1-5+b1
2024-05-09 19:23:08 install ifupdown:amd64 <none> 0.8.41
2024-05-09 19:23:08 status half-installed ifupdown:amd64 0.8.41
2024-05-09 19:23:10 status unpacked ifupdown:amd64 0.8.41
2024-05-09 19:23:10 install init:amd64 <none> 1.65.2
2024-05-09 19:23:10 status half-installed init:amd64 1.65.2
2024-05-09 19:23:10 status unpacked init:amd64 1.65.2
2024-05-09 19:23:11 install iproute2:amd64 <none> 6.1.0-3
2024-05-09 19:23:11 status half-installed iproute2:amd64 6.1.0-3
2024-05-09 19:23:21 status unpacked iproute2:amd64 6.1.0-3
2024-05-09 19:23:21 install iputils-ping:amd64 <none> 3:20221126-1
2024-05-09 19:23:21 status half-installed iputils-ping:amd64 3:20221126-1
2024-05-09 19:23:22 status unpacked iputils-ping:amd64 3:20221126-1
2024-05-09 19:23:22 install isc-dhcp-client:amd64 <none> 4.4.3-P1-2
2024-05-09 19:23:22 status half-installed isc-dhcp-client:amd64 4.4.3-P1-2
2024-05-09 19:23:23 status unpacked isc-dhcp-client:amd64 4.4.3-P1-2
2024-05-09 19:23:23 install isc-dhcp-common:amd64 <none> 4.4.3-P1-2
2024-05-09 19:23:23 status half-installed isc-dhcp-common:amd64 4.4.3-P1-2
2024-05-09 19:23:23 status unpacked isc-dhcp-common:amd64 4.4.3-P1-2
2024-05-09 19:23:24 install kmod:amd64 <none> 30+20221128-1
2024-05-09 19:23:24 status half-installed kmod:amd64 30+20221128-1
2024-05-09 19:23:25 status unpacked kmod:amd64 30+20221128-1
2024-05-09 19:23:26 install less:amd64 <none> 590-2
2024-05-09 19:23:26 status half-installed less:amd64 590-2
2024-05-09 19:23:26 status unpacked less:amd64 590-2
2024-05-09 19:23:27 install libbpf1:amd64 <none> 1:1.1.0-1
2024-05-09 19:23:27 status triggers-pending libc-bin:amd64 2.36-9+deb12u4
2024-05-09 19:23:27 status half-installed libbpf1:amd64 1:1.1.0-1
2024-05-09 19:23:27 status unpacked libbpf1:amd64 1:1.1.0-1
2024-05-09 19:23:27 install libbsd0:amd64 <none> 0.11.7-2
2024-05-09 19:23:27 status half-installed libbsd0:amd64 0.11.7-2
2024-05-09 19:23:28 status unpacked libbsd0:amd64 0.11.7-2
2024-05-09 19:23:28 install libcap2-bin:amd64 <none> 1:2.66-4
2024-05-09 19:23:28 status half-installed libcap2-bin:amd64 1:2.66-4
2024-05-09 19:23:28 status unpacked libcap2-bin:amd64 1:2.66-4
2024-05-09 19:23:29 install libedit2:amd64 <none> 3.1-20221030-2
2024-05-09 19:23:29 status half-installed libedit2:amd64 3.1-20221030-2
2024-05-09 19:23:29 status unpacked libedit2:amd64 3.1-20221030-2
2024-05-09 19:23:30 install libelf1:amd64 <none> 0.188-2.1
2024-05-09 19:23:30 status half-installed libelf1:amd64 0.188-2.1
2024-05-09 19:23:30 status unpacked libelf1:amd64 0.188-2.1
2024-05-09 19:23:30 install libgssapi-krb5-2:amd64 <none> 1.20.1-2+deb12u1
2024-05-09 19:23:30 status half-installed libgssapi-krb5-2:amd64 1.20.1-2+deb12u1
2024-05-09 19:23:31 status unpacked libgssapi-krb5-2:amd64 1.20.1-2+deb12u1
2024-05-09 19:23:32 install libjansson4:amd64 <none> 2.14-2
2024-05-09 19:23:32 status half-installed libjansson4:amd64 2.14-2
2024-05-09 19:23:32 status unpacked libjansson4:amd64 2.14-2
2024-05-09 19:23:32 install libk5crypto3:amd64 <none> 1.20.1-2+deb12u1
2024-05-09 19:23:32 status half-installed libk5crypto3:amd64 1.20.1-2+deb12u1
2024-05-09 19:23:33 status unpacked libk5crypto3:amd64 1.20.1-2+deb12u1
2024-05-09 19:23:33 install libkeyutils1:amd64 <none> 1.6.3-2
2024-05-09 19:23:33 status half-installed libkeyutils1:amd64 1.6.3-2
2024-05-09 19:23:33 status unpacked libkeyutils1:amd64 1.6.3-2
2024-05-09 19:23:34 install libkrb5-3:amd64 <none> 1.20.1-2+deb12u1
2024-05-09 19:23:34 status half-installed libkrb5-3:amd64 1.20.1-2+deb12u1
2024-05-09 19:23:35 status unpacked libkrb5-3:amd64 1.20.1-2+deb12u1
2024-05-09 19:23:35 install libkrb5support0:amd64 <none> 1.20.1-2+deb12u1
2024-05-09 19:23:35 status half-installed libkrb5support0:amd64 1.20.1-2+deb12u1
2024-05-09 19:23:35 status unpacked libkrb5support0:amd64 1.20.1-2+deb12u1
2024-05-09 19:23:36 install liblocale-gettext-perl:amd64 <none> 1.07-5
2024-05-09 19:23:36 status half-installed liblocale-gettext-perl:amd64 1.07-5
2024-05-09 19:23:36 status unpacked liblocale-gettext-perl:amd64 1.07-5
2024-05-09 19:23:36 install libmnl0:amd64 <none> 1.0.4-3
2024-05-09 19:23:36 status half-installed libmnl0:amd64 1.0.4-3
2024-05-09 19:23:37 status unpacked libmnl0:amd64 1.0.4-3
2024-05-09 19:23:37 install libncursesw6:amd64 <none> 6.4-4
2024-05-09 19:23:37 status half-installed libncursesw6:amd64 6.4-4
2024-05-09 19:23:38 status unpacked libncursesw6:amd64 6.4-4
2024-05-09 19:23:38 install libnewt0.52:amd64 <none> 0.52.23-1+b1
2024-05-09 19:23:38 status half-installed libnewt0.52:amd64 0.52.23-1+b1
2024-05-09 19:23:38 status unpacked libnewt0.52:amd64 0.52.23-1+b1
2024-05-09 19:23:39 install libnftables1:amd64 <none> 1.0.6-2+deb12u2
2024-05-09 19:23:39 status half-installed libnftables1:amd64 1.0.6-2+deb12u2
2024-05-09 19:23:39 status unpacked libnftables1:amd64 1.0.6-2+deb12u2
2024-05-09 19:23:39 install libnftnl11:amd64 <none> 1.2.4-2
2024-05-09 19:23:39 status half-installed libnftnl11:amd64 1.2.4-2
2024-05-09 19:23:40 status unpacked libnftnl11:amd64 1.2.4-2
2024-05-09 19:23:41 install libpopt0:amd64 <none> 1.19+dfsg-1
2024-05-09 19:23:41 status half-installed libpopt0:amd64 1.19+dfsg-1
2024-05-09 19:23:41 status unpacked libpopt0:amd64 1.19+dfsg-1
2024-05-09 19:23:42 install libproc2-0:amd64 <none> 2:4.0.2-3
2024-05-09 19:23:42 status half-installed libproc2-0:amd64 2:4.0.2-3
2024-05-09 19:23:42 status unpacked libproc2-0:amd64 2:4.0.2-3
2024-05-09 19:23:43 install libreadline8:amd64 <none> 8.2-1.3
2024-05-09 19:23:43 status half-installed libreadline8:amd64 8.2-1.3
2024-05-09 19:23:43 status unpacked libreadline8:amd64 8.2-1.3
2024-05-09 19:23:44 install libslang2:amd64 <none> 2.3.3-3
2024-05-09 19:23:44 status half-installed libslang2:amd64 2.3.3-3
2024-05-09 19:23:44 status unpacked libslang2:amd64 2.3.3-3
2024-05-09 19:23:44 install libtext-charwidth-perl:amd64 <none> 0.04-11
2024-05-09 19:23:44 status half-installed libtext-charwidth-perl:amd64 0.04-11
2024-05-09 19:23:45 status unpacked libtext-charwidth-perl:amd64 0.04-11
2024-05-09 19:23:46 install libtext-iconv-perl:amd64 <none> 1.7-8
2024-05-09 19:23:46 status half-installed libtext-iconv-perl:amd64 1.7-8
2024-05-09 19:23:48 status unpacked libtext-iconv-perl:amd64 1.7-8
2024-05-09 19:23:50 install libtext-wrapi18n-perl:all <none> 0.06-10
2024-05-09 19:23:50 status half-installed libtext-wrapi18n-perl:all 0.06-10
2024-05-09 19:23:51 status unpacked libtext-wrapi18n-perl:all 0.06-10
2024-05-09 19:23:52 install libtirpc-common:all <none> 1.3.3+ds-1
2024-05-09 19:23:52 status half-installed libtirpc-common:all 1.3.3+ds-1
2024-05-09 19:23:55 status unpacked libtirpc-common:all 1.3.3+ds-1
2024-05-09 19:23:57 install libtirpc3:amd64 <none> 1.3.3+ds-1
2024-05-09 19:23:57 status half-installed libtirpc3:amd64 1.3.3+ds-1
2024-05-09 19:23:58 status unpacked libtirpc3:amd64 1.3.3+ds-1
2024-05-09 19:23:59 install libxtables12:amd64 <none> 1.8.9-2
2024-05-09 19:23:59 status half-installed libxtables12:amd64 1.8.9-2
2024-05-09 19:23:59 status unpacked libxtables12:amd64 1.8.9-2
2024-05-09 19:24:00 install logrotate:amd64 <none> 3.21.0-1
2024-05-09 19:24:00 status half-installed logrotate:amd64 3.21.0-1
2024-05-09 19:24:00 status unpacked logrotate:amd64 3.21.0-1
2024-05-09 19:24:00 install nano:amd64 <none> 7.2-1
2024-05-09 19:24:00 status half-installed nano:amd64 7.2-1
2024-05-09 19:24:01 status unpacked nano:amd64 7.2-1
2024-05-09 19:24:01 install netbase:all <none> 6.4
2024-05-09 19:24:01 status half-installed netbase:all 6.4
2024-05-09 19:24:02 status unpacked netbase:all 6.4
2024-05-09 19:24:02 install nftables:amd64 <none> 1.0.6-2+deb12u2
2024-05-09 19:24:02 status half-installed nftables:amd64 1.0.6-2+deb12u2
2024-05-09 19:24:03 status unpacked nftables:amd64 1.0.6-2+deb12u2
2024-05-09 19:24:03 install procps:amd64 <none> 2:4.0.2-3
2024-05-09 19:24:03 status half-installed procps:amd64 2:4.0.2-3
2024-05-09 19:24:04 status unpacked procps:amd64 2:4.0.2-3
2024-05-09 19:24:04 install readline-common:all <none> 8.2-1.3
2024-05-09 19:24:04 status half-installed readline-common:all 8.2-1.3
2024-05-09 19:24:05 status unpacked readline-common:all 8.2-1.3
2024-05-09 19:24:05 install sensible-utils:all <none> 0.0.17+nmu1
2024-05-09 19:24:05 status half-installed sensible-utils:all 0.0.17+nmu1
2024-05-09 19:24:06 status unpacked sensible-utils:all 0.0.17+nmu1
2024-05-09 19:24:06 install tasksel:all <none> 3.73
2024-05-09 19:24:06 status half-installed tasksel:all 3.73
2024-05-09 19:24:07 status unpacked tasksel:all 3.73
2024-05-09 19:24:07 install tasksel-data:all <none> 3.73
2024-05-09 19:24:07 status half-installed tasksel-data:all 3.73
2024-05-09 19:24:08 status unpacked tasksel-data:all 3.73
2024-05-09 19:24:08 install udev:amd64 <none> 252.22-1~deb12u1
2024-05-09 19:24:08 status half-installed udev:amd64 252.22-1~deb12u1
2024-05-09 19:24:09 status unpacked udev:amd64 252.22-1~deb12u1
2024-05-09 19:24:09 install vim-common:all <none> 2:9.0.1378-2
2024-05-09 19:24:09 status half-installed vim-common:all 2:9.0.1378-2
2024-05-09 19:24:10 status unpacked vim-common:all 2:9.0.1378-2
2024-05-09 19:24:10 install vim-tiny:amd64 <none> 2:9.0.1378-2
2024-05-09 19:24:10 status half-installed vim-tiny:amd64 2:9.0.1378-2
2024-05-09 19:24:11 status unpacked vim-tiny:amd64 2:9.0.1378-2
2024-05-09 19:24:11 install whiptail:amd64 <none> 0.52.23-1+b1
2024-05-09 19:24:11 status half-installed whiptail:amd64 0.52.23-1+b1
2024-05-09 19:24:12 status unpacked whiptail:amd64 0.52.23-1+b1
2024-05-09 19:24:12 trigproc libc-bin:amd64 2.36-9+deb12u4 <none>
2024-05-09 19:24:12 status half-configured libc-bin:amd64 2.36-9+deb12u4
2024-05-09 19:24:12 status installed libc-bin:amd64 2.36-9+deb12u4
2024-05-09 19:24:12 startup packages configure
2024-05-09 19:24:12 configure cpio:amd64 2.13+dfsg-7.1 <none>
2024-05-09 19:24:12 status unpacked cpio:amd64 2.13+dfsg-7.1
2024-05-09 19:24:12 status half-configured cpio:amd64 2.13+dfsg-7.1
2024-05-09 19:24:12 status installed cpio:amd64 2.13+dfsg-7.1
2024-05-09 19:24:13 configure libtext-iconv-perl:amd64 1.7-8 <none>
2024-05-09 19:24:13 status unpacked libtext-iconv-perl:amd64 1.7-8
2024-05-09 19:24:13 status half-configured libtext-iconv-perl:amd64 1.7-8
2024-05-09 19:24:13 status installed libtext-iconv-perl:amd64 1.7-8
2024-05-09 19:24:13 configure libtext-charwidth-perl:amd64 0.04-11 <none>
2024-05-09 19:24:13 status unpacked libtext-charwidth-perl:amd64 0.04-11
2024-05-09 19:24:13 status half-configured libtext-charwidth-perl:amd64 0.04-11
2024-05-09 19:24:13 status installed libtext-charwidth-perl:amd64 0.04-11
2024-05-09 19:24:13 configure libkeyutils1:amd64 1.6.3-2 <none>
2024-05-09 19:24:13 status triggers-pending libc-bin:amd64 2.36-9+deb12u4
2024-05-09 19:24:13 status unpacked libkeyutils1:amd64 1.6.3-2
2024-05-09 19:24:13 status half-configured libkeyutils1:amd64 1.6.3-2
2024-05-09 19:24:13 status installed libkeyutils1:amd64 1.6.3-2
2024-05-09 19:24:13 configure apt-utils:amd64 2.6.1 <none>
2024-05-09 19:24:13 status unpacked apt-utils:amd64 2.6.1
2024-05-09 19:24:13 status half-configured apt-utils:amd64 2.6.1
2024-05-09 19:24:13 status installed apt-utils:amd64 2.6.1
2024-05-09 19:24:14 configure init:amd64 1.65.2 <none>
2024-05-09 19:24:14 status unpacked init:amd64 1.65.2
2024-05-09 19:24:14 status half-configured init:amd64 1.65.2
2024-05-09 19:24:14 status installed init:amd64 1.65.2
2024-05-09 19:24:14 configure libtirpc-common:all 1.3.3+ds-1 <none>
2024-05-09 19:24:14 status unpacked libtirpc-common:all 1.3.3+ds-1
2024-05-09 19:24:14 status half-configured libtirpc-common:all 1.3.3+ds-1
2024-05-09 19:24:14 status installed libtirpc-common:all 1.3.3+ds-1
2024-05-09 19:24:14 configure less:amd64 590-2 <none>
2024-05-09 19:24:14 status unpacked less:amd64 590-2
2024-05-09 19:24:14 status half-configured less:amd64 590-2
2024-05-09 19:24:14 status installed less:amd64 590-2
2024-05-09 19:24:14 configure kmod:amd64 30+20221128-1 <none>
2024-05-09 19:24:14 status unpacked kmod:amd64 30+20221128-1
2024-05-09 19:24:15 status half-configured kmod:amd64 30+20221128-1
2024-05-09 19:24:15 status installed kmod:amd64 30+20221128-1
2024-05-09 19:24:15 configure libtext-wrapi18n-perl:all 0.06-10 <none>
2024-05-09 19:24:15 status unpacked libtext-wrapi18n-perl:all 0.06-10
2024-05-09 19:24:15 status half-configured libtext-wrapi18n-perl:all 0.06-10
2024-05-09 19:24:15 status installed libtext-wrapi18n-perl:all 0.06-10
2024-05-09 19:24:15 configure libjansson4:amd64 2.14-2 <none>
2024-05-09 19:24:15 status unpacked libjansson4:amd64 2.14-2
2024-05-09 19:24:15 status half-configured libjansson4:amd64 2.14-2
2024-05-09 19:24:15 status installed libjansson4:amd64 2.14-2
2024-05-09 19:24:16 configure libkrb5support0:amd64 1.20.1-2+deb12u1 <none>
2024-05-09 19:24:16 status unpacked libkrb5support0:amd64 1.20.1-2+deb12u1
2024-05-09 19:24:16 status half-configured libkrb5support0:amd64 1.20.1-2+deb12u1
2024-05-09 19:24:16 status installed libkrb5support0:amd64 1.20.1-2+deb12u1
2024-05-09 19:24:16 configure libcap2-bin:amd64 1:2.66-4 <none>
2024-05-09 19:24:16 status unpacked libcap2-bin:amd64 1:2.66-4
2024-05-09 19:24:16 status half-configured libcap2-bin:amd64 1:2.66-4
2024-05-09 19:24:16 status installed libcap2-bin:amd64 1:2.66-4
2024-05-09 19:24:16 configure vim-common:all 2:9.0.1378-2 <none>
2024-05-09 19:24:16 status unpacked vim-common:all 2:9.0.1378-2
2024-05-09 19:24:16 status half-configured vim-common:all 2:9.0.1378-2
2024-05-09 19:24:16 status installed vim-common:all 2:9.0.1378-2
2024-05-09 19:24:16 configure libslang2:amd64 2.3.3-3 <none>
2024-05-09 19:24:16 status unpacked libslang2:amd64 2.3.3-3
2024-05-09 19:24:16 status half-configured libslang2:amd64 2.3.3-3
2024-05-09 19:24:17 status installed libslang2:amd64 2.3.3-3
2024-05-09 19:24:17 configure libproc2-0:amd64 2:4.0.2-3 <none>
2024-05-09 19:24:17 status unpacked libproc2-0:amd64 2:4.0.2-3
2024-05-09 19:24:17 status half-configured libproc2-0:amd64 2:4.0.2-3
2024-05-09 19:24:17 status installed libproc2-0:amd64 2:4.0.2-3
2024-05-09 19:24:17 configure libmnl0:amd64 1.0.4-3 <none>
2024-05-09 19:24:17 status unpacked libmnl0:amd64 1.0.4-3
2024-05-09 19:24:17 status half-configured libmnl0:amd64 1.0.4-3
2024-05-09 19:24:17 status installed libmnl0:amd64 1.0.4-3
2024-05-09 19:24:17 configure udev:amd64 252.22-1~deb12u1 <none>
2024-05-09 19:24:17 status unpacked udev:amd64 252.22-1~deb12u1
2024-05-09 19:24:17 status half-configured udev:amd64 252.22-1~deb12u1
2024-05-09 19:24:26 status installed udev:amd64 252.22-1~deb12u1
2024-05-09 19:24:26 configure libncursesw6:amd64 6.4-4 <none>
2024-05-09 19:24:26 status unpacked libncursesw6:amd64 6.4-4
2024-05-09 19:24:27 status half-configured libncursesw6:amd64 6.4-4
2024-05-09 19:24:27 status installed libncursesw6:amd64 6.4-4
2024-05-09 19:24:27 configure libk5crypto3:amd64 1.20.1-2+deb12u1 <none>
2024-05-09 19:24:27 status unpacked libk5crypto3:amd64 1.20.1-2+deb12u1
2024-05-09 19:24:27 status half-configured libk5crypto3:amd64 1.20.1-2+deb12u1
2024-05-09 19:24:27 status installed libk5crypto3:amd64 1.20.1-2+deb12u1
2024-05-09 19:24:27 configure libxtables12:amd64 1.8.9-2 <none>
2024-05-09 19:24:27 status unpacked libxtables12:amd64 1.8.9-2
2024-05-09 19:24:27 status half-configured libxtables12:amd64 1.8.9-2
2024-05-09 19:24:27 status installed libxtables12:amd64 1.8.9-2
2024-05-09 19:24:27 configure nano:amd64 7.2-1 <none>
2024-05-09 19:24:27 status unpacked nano:amd64 7.2-1
2024-05-09 19:24:27 status half-configured nano:amd64 7.2-1
2024-05-09 19:24:28 status installed nano:amd64 7.2-1
2024-05-09 19:24:28 configure sensible-utils:all 0.0.17+nmu1 <none>
2024-05-09 19:24:28 status unpacked sensible-utils:all 0.0.17+nmu1
2024-05-09 19:24:28 status half-configured sensible-utils:all 0.0.17+nmu1
2024-05-09 19:24:28 status installed sensible-utils:all 0.0.17+nmu1
2024-05-09 19:24:28 configure procps:amd64 2:4.0.2-3 <none>
2024-05-09 19:24:28 status unpacked procps:amd64 2:4.0.2-3
2024-05-09 19:24:28 status half-configured procps:amd64 2:4.0.2-3
2024-05-09 19:24:28 status installed procps:amd64 2:4.0.2-3
2024-05-09 19:24:28 configure netbase:all 6.4 <none>
2024-05-09 19:24:28 status unpacked netbase:all 6.4
2024-05-09 19:24:29 status half-configured netbase:all 6.4
2024-05-09 19:24:29 status installed netbase:all 6.4
2024-05-09 19:24:29 configure isc-dhcp-common:amd64 4.4.3-P1-2 <none>
2024-05-09 19:24:29 status unpacked isc-dhcp-common:amd64 4.4.3-P1-2
2024-05-09 19:24:29 status half-configured isc-dhcp-common:amd64 4.4.3-P1-2
2024-05-09 19:24:29 status installed isc-dhcp-common:amd64 4.4.3-P1-2
2024-05-09 19:24:29 configure libkrb5-3:amd64 1.20.1-2+deb12u1 <none>
2024-05-09 19:24:29 status unpacked libkrb5-3:amd64 1.20.1-2+deb12u1
2024-05-09 19:24:29 status half-configured libkrb5-3:amd64 1.20.1-2+deb12u1
2024-05-09 19:24:29 status installed libkrb5-3:amd64 1.20.1-2+deb12u1
2024-05-09 19:24:29 configure dmidecode:amd64 3.4-1 <none>
2024-05-09 19:24:29 status unpacked dmidecode:amd64 3.4-1
2024-05-09 19:24:30 status half-configured dmidecode:amd64 3.4-1
2024-05-09 19:24:30 status installed dmidecode:amd64 3.4-1
2024-05-09 19:24:30 configure libbsd0:amd64 0.11.7-2 <none>
2024-05-09 19:24:30 status unpacked libbsd0:amd64 0.11.7-2
2024-05-09 19:24:30 status half-configured libbsd0:amd64 0.11.7-2
2024-05-09 19:24:30 status installed libbsd0:amd64 0.11.7-2
2024-05-09 19:24:30 configure libelf1:amd64 0.188-2.1 <none>
2024-05-09 19:24:30 status unpacked libelf1:amd64 0.188-2.1
2024-05-09 19:24:30 status half-configured libelf1:amd64 0.188-2.1
2024-05-09 19:24:30 status installed libelf1:amd64 0.188-2.1
2024-05-09 19:24:30 configure iputils-ping:amd64 3:20221126-1 <none>
2024-05-09 19:24:30 status unpacked iputils-ping:amd64 3:20221126-1
2024-05-09 19:24:30 status half-configured iputils-ping:amd64 3:20221126-1
2024-05-09 19:24:30 status installed iputils-ping:amd64 3:20221126-1
2024-05-09 19:24:30 configure readline-common:all 8.2-1.3 <none>
2024-05-09 19:24:30 status unpacked readline-common:all 8.2-1.3
2024-05-09 19:24:30 status half-configured readline-common:all 8.2-1.3
2024-05-09 19:24:31 status installed readline-common:all 8.2-1.3
2024-05-09 19:24:31 configure liblocale-gettext-perl:amd64 1.07-5 <none>
2024-05-09 19:24:31 status unpacked liblocale-gettext-perl:amd64 1.07-5
2024-05-09 19:24:31 status half-configured liblocale-gettext-perl:amd64 1.07-5
2024-05-09 19:24:31 status installed liblocale-gettext-perl:amd64 1.07-5
2024-05-09 19:24:31 configure libbpf1:amd64 1:1.1.0-1 <none>
2024-05-09 19:24:31 status unpacked libbpf1:amd64 1:1.1.0-1
2024-05-09 19:24:31 status half-configured libbpf1:amd64 1:1.1.0-1
2024-05-09 19:24:31 status installed libbpf1:amd64 1:1.1.0-1
2024-05-09 19:24:31 configure libpopt0:amd64 1.19+dfsg-1 <none>
2024-05-09 19:24:31 status unpacked libpopt0:amd64 1.19+dfsg-1
2024-05-09 19:24:31 status half-configured libpopt0:amd64 1.19+dfsg-1
2024-05-09 19:24:31 status installed libpopt0:amd64 1.19+dfsg-1
2024-05-09 19:24:31 configure logrotate:amd64 3.21.0-1 <none>
2024-05-09 19:24:31 status unpacked logrotate:amd64 3.21.0-1
2024-05-09 19:24:32 status half-configured logrotate:amd64 3.21.0-1
2024-05-09 19:24:33 status installed logrotate:amd64 3.21.0-1
2024-05-09 19:24:33 configure libnewt0.52:amd64 0.52.23-1+b1 <none>
2024-05-09 19:24:33 status unpacked libnewt0.52:amd64 0.52.23-1+b1
2024-05-09 19:24:33 status half-configured libnewt0.52:amd64 0.52.23-1+b1
2024-05-09 19:24:33 status installed libnewt0.52:amd64 0.52.23-1+b1
2024-05-09 19:24:33 configure libedit2:amd64 3.1-20221030-2 <none>
2024-05-09 19:24:33 status unpacked libedit2:amd64 3.1-20221030-2
2024-05-09 19:24:33 status half-configured libedit2:amd64 3.1-20221030-2
2024-05-09 19:24:33 status installed libedit2:amd64 3.1-20221030-2
2024-05-09 19:24:33 configure libreadline8:amd64 8.2-1.3 <none>
2024-05-09 19:24:33 status unpacked libreadline8:amd64 8.2-1.3
2024-05-09 19:24:33 status half-configured libreadline8:amd64 8.2-1.3
2024-05-09 19:24:33 status installed libreadline8:amd64 8.2-1.3
2024-05-09 19:24:33 configure cron:amd64 3.0pl1-162 <none>
2024-05-09 19:24:33 status unpacked cron:amd64 3.0pl1-162
2024-05-09 19:24:34 status half-configured cron:amd64 3.0pl1-162
2024-05-09 19:24:35 status installed cron:amd64 3.0pl1-162
2024-05-09 19:24:35 configure debconf-i18n:all 1.5.82 <none>
2024-05-09 19:24:35 status unpacked debconf-i18n:all 1.5.82
2024-05-09 19:24:35 status half-configured debconf-i18n:all 1.5.82
2024-05-09 19:24:36 status installed debconf-i18n:all 1.5.82
2024-05-09 19:24:36 configure libnftnl11:amd64 1.2.4-2 <none>
2024-05-09 19:24:36 status unpacked libnftnl11:amd64 1.2.4-2
2024-05-09 19:24:36 status half-configured libnftnl11:amd64 1.2.4-2
2024-05-09 19:24:36 status installed libnftnl11:amd64 1.2.4-2
2024-05-09 19:24:36 configure vim-tiny:amd64 2:9.0.1378-2 <none>
2024-05-09 19:24:36 status unpacked vim-tiny:amd64 2:9.0.1378-2
2024-05-09 19:24:36 status half-configured vim-tiny:amd64 2:9.0.1378-2
2024-05-09 19:24:36 status installed vim-tiny:amd64 2:9.0.1378-2
2024-05-09 19:24:36 configure fdisk:amd64 2.38.1-5+b1 <none>
2024-05-09 19:24:36 status unpacked fdisk:amd64 2.38.1-5+b1
2024-05-09 19:24:37 status half-configured fdisk:amd64 2.38.1-5+b1
2024-05-09 19:24:37 status installed fdisk:amd64 2.38.1-5+b1
2024-05-09 19:24:37 configure libgssapi-krb5-2:amd64 1.20.1-2+deb12u1 <none>
2024-05-09 19:24:37 status unpacked libgssapi-krb5-2:amd64 1.20.1-2+deb12u1
2024-05-09 19:24:37 status half-configured libgssapi-krb5-2:amd64 1.20.1-2+deb12u1
2024-05-09 19:24:37 status installed libgssapi-krb5-2:amd64 1.20.1-2+deb12u1
2024-05-09 19:24:37 configure whiptail:amd64 0.52.23-1+b1 <none>
2024-05-09 19:24:37 status unpacked whiptail:amd64 0.52.23-1+b1
2024-05-09 19:24:37 status half-configured whiptail:amd64 0.52.23-1+b1
2024-05-09 19:24:37 status installed whiptail:amd64 0.52.23-1+b1
2024-05-09 19:24:37 configure libtirpc3:amd64 1.3.3+ds-1 <none>
2024-05-09 19:24:37 status unpacked libtirpc3:amd64 1.3.3+ds-1
2024-05-09 19:24:37 status half-configured libtirpc3:amd64 1.3.3+ds-1
2024-05-09 19:24:38 status installed libtirpc3:amd64 1.3.3+ds-1
2024-05-09 19:24:38 configure libnftables1:amd64 1.0.6-2+deb12u2 <none>
2024-05-09 19:24:38 status unpacked libnftables1:amd64 1.0.6-2+deb12u2
2024-05-09 19:24:38 status half-configured libnftables1:amd64 1.0.6-2+deb12u2
2024-05-09 19:24:38 status installed libnftables1:amd64 1.0.6-2+deb12u2
2024-05-09 19:24:38 configure nftables:amd64 1.0.6-2+deb12u2 <none>
2024-05-09 19:24:38 status unpacked nftables:amd64 1.0.6-2+deb12u2
2024-05-09 19:24:38 status half-configured nftables:amd64 1.0.6-2+deb12u2
2024-05-09 19:24:38 status installed nftables:amd64 1.0.6-2+deb12u2
2024-05-09 19:24:38 configure iproute2:amd64 6.1.0-3 <none>
2024-05-09 19:24:38 status unpacked iproute2:amd64 6.1.0-3
2024-05-09 19:24:39 status half-configured iproute2:amd64 6.1.0-3
2024-05-09 19:24:40 status installed iproute2:amd64 6.1.0-3
2024-05-09 19:24:40 configure isc-dhcp-client:amd64 4.4.3-P1-2 <none>
2024-05-09 19:24:40 status unpacked isc-dhcp-client:amd64 4.4.3-P1-2
2024-05-09 19:24:40 status half-configured isc-dhcp-client:amd64 4.4.3-P1-2
2024-05-09 19:24:40 status installed isc-dhcp-client:amd64 4.4.3-P1-2
2024-05-09 19:24:41 configure ifupdown:amd64 0.8.41 <none>
2024-05-09 19:24:41 status unpacked ifupdown:amd64 0.8.41
2024-05-09 19:24:41 status half-configured ifupdown:amd64 0.8.41
2024-05-09 19:24:42 status installed ifupdown:amd64 0.8.41
2024-05-09 19:24:43 configure tasksel:all 3.73 <none>
2024-05-09 19:24:43 status unpacked tasksel:all 3.73
2024-05-09 19:24:43 status half-configured tasksel:all 3.73
2024-05-09 19:24:44 status installed tasksel:all 3.73
2024-05-09 19:24:44 configure tasksel-data:all 3.73 <none>
2024-05-09 19:24:44 status unpacked tasksel-data:all 3.73
2024-05-09 19:24:45 status half-configured tasksel-data:all 3.73
2024-05-09 19:24:45 status installed tasksel-data:all 3.73
2024-05-09 19:24:45 trigproc libc-bin:amd64 2.36-9+deb12u4 <none>
2024-05-09 19:24:45 status half-configured libc-bin:amd64 2.36-9+deb12u4
2024-05-09 19:24:46 status installed libc-bin:amd64 2.36-9+deb12u4
2024-05-09 22:27:48 startup archives unpack
2024-05-09 22:27:49 install sudo:amd64 <none> 1.9.13p3-1+deb12u1
2024-05-09 22:27:49 status triggers-pending libc-bin:amd64 2.36-9+deb12u4
2024-05-09 22:27:50 status half-installed sudo:amd64 1.9.13p3-1+deb12u1
2024-05-09 22:27:58 status unpacked sudo:amd64 1.9.13p3-1+deb12u1
2024-05-09 22:27:58 startup packages configure
2024-05-09 22:27:58 configure sudo:amd64 1.9.13p3-1+deb12u1 <none>
2024-05-09 22:27:58 status unpacked sudo:amd64 1.9.13p3-1+deb12u1
2024-05-09 22:27:59 status half-configured sudo:amd64 1.9.13p3-1+deb12u1
2024-05-09 22:27:59 status installed sudo:amd64 1.9.13p3-1+deb12u1
2024-05-09 22:27:59 trigproc libc-bin:amd64 2.36-9+deb12u4 <none>
2024-05-09 22:27:59 status half-configured libc-bin:amd64 2.36-9+deb12u4
2024-05-09 22:28:04 status installed libc-bin:amd64 2.36-9+deb12u4
2024-05-09 22:29:18 startup archives unpack
2024-05-09 22:29:19 install libgpm2:amd64 <none> 1.20.7-10+b1
2024-05-09 22:29:19 status triggers-pending libc-bin:amd64 2.36-9+deb12u4
2024-05-09 22:29:19 status half-installed libgpm2:amd64 1.20.7-10+b1
2024-05-09 22:29:20 status unpacked libgpm2:amd64 1.20.7-10+b1
2024-05-09 22:29:21 install libsodium23:amd64 <none> 1.0.18-1
2024-05-09 22:29:21 status half-installed libsodium23:amd64 1.0.18-1
2024-05-09 22:29:24 status unpacked libsodium23:amd64 1.0.18-1
2024-05-09 22:29:25 install vim-runtime:all <none> 2:9.0.1378-2
2024-05-09 22:29:25 status half-installed vim-runtime:all 2:9.0.1378-2
2024-05-09 22:30:36 status unpacked vim-runtime:all 2:9.0.1378-2
2024-05-09 22:30:37 install vim:amd64 <none> 2:9.0.1378-2
2024-05-09 22:30:37 status half-installed vim:amd64 2:9.0.1378-2
2024-05-09 22:30:38 status unpacked vim:amd64 2:9.0.1378-2
2024-05-09 22:30:39 startup packages configure
2024-05-09 22:30:39 configure libsodium23:amd64 1.0.18-1 <none>
2024-05-09 22:30:39 status unpacked libsodium23:amd64 1.0.18-1
2024-05-09 22:30:39 status half-configured libsodium23:amd64 1.0.18-1
2024-05-09 22:30:40 status installed libsodium23:amd64 1.0.18-1
2024-05-09 22:30:40 configure libgpm2:amd64 1.20.7-10+b1 <none>
2024-05-09 22:30:40 status unpacked libgpm2:amd64 1.20.7-10+b1
2024-05-09 22:30:40 status half-configured libgpm2:amd64 1.20.7-10+b1
2024-05-09 22:30:40 status installed libgpm2:amd64 1.20.7-10+b1
2024-05-09 22:30:40 configure vim-runtime:all 2:9.0.1378-2 <none>
2024-05-09 22:30:40 status unpacked vim-runtime:all 2:9.0.1378-2
2024-05-09 22:30:40 status half-configured vim-runtime:all 2:9.0.1378-2
2024-05-09 22:30:40 status installed vim-runtime:all 2:9.0.1378-2
2024-05-09 22:30:41 configure vim:amd64 2:9.0.1378-2 <none>
2024-05-09 22:30:41 status unpacked vim:amd64 2:9.0.1378-2
2024-05-09 22:30:41 status half-configured vim:amd64 2:9.0.1378-2
2024-05-09 22:30:42 status installed vim:amd64 2:9.0.1378-2
2024-05-09 22:30:42 trigproc libc-bin:amd64 2.36-9+deb12u4 <none>
2024-05-09 22:30:42 status half-configured libc-bin:amd64 2.36-9+deb12u4
2024-05-09 22:30:42 status installed libc-bin:amd64 2.36-9+deb12u4
2024-05-09 22:30:52 startup archives unpack
2024-05-09 22:30:52 install openssl:amd64 <none> 3.0.11-1~deb12u2
2024-05-09 22:30:52 status half-installed openssl:amd64 3.0.11-1~deb12u2
2024-05-09 22:31:12 status unpacked openssl:amd64 3.0.11-1~deb12u2
2024-05-09 22:31:13 install ca-certificates:all <none> 20230311
2024-05-09 22:31:13 status half-installed ca-certificates:all 20230311
2024-05-09 22:31:28 status unpacked ca-certificates:all 20230311
2024-05-09 22:31:29 install libcbor0.8:amd64 <none> 0.8.0-2+b1
2024-05-09 22:31:29 status triggers-pending libc-bin:amd64 2.36-9+deb12u4
2024-05-09 22:31:29 status half-installed libcbor0.8:amd64 0.8.0-2+b1
2024-05-09 22:31:30 status unpacked libcbor0.8:amd64 0.8.0-2+b1
2024-05-09 22:31:30 install libfido2-1:amd64 <none> 1.12.0-2+b1
2024-05-09 22:31:30 status half-installed libfido2-1:amd64 1.12.0-2+b1
2024-05-09 22:31:31 status unpacked libfido2-1:amd64 1.12.0-2+b1
2024-05-09 22:31:32 install openssh-client:amd64 <none> 1:9.2p1-2+deb12u2
2024-05-09 22:31:32 status half-installed openssh-client:amd64 1:9.2p1-2+deb12u2
2024-05-09 22:31:36 status unpacked openssh-client:amd64 1:9.2p1-2+deb12u2
2024-05-09 22:31:37 install libbrotli1:amd64 <none> 1.0.9-2+b6
2024-05-09 22:31:37 status half-installed libbrotli1:amd64 1.0.9-2+b6
2024-05-09 22:31:38 status unpacked libbrotli1:amd64 1.0.9-2+b6
2024-05-09 22:31:38 install libsasl2-modules-db:amd64 <none> 2.1.28+dfsg-10
2024-05-09 22:31:38 status half-installed libsasl2-modules-db:amd64 2.1.28+dfsg-10
2024-05-09 22:31:39 status unpacked libsasl2-modules-db:amd64 2.1.28+dfsg-10
2024-05-09 22:31:40 install libsasl2-2:amd64 <none> 2.1.28+dfsg-10
2024-05-09 22:31:40 status half-installed libsasl2-2:amd64 2.1.28+dfsg-10
2024-05-09 22:31:41 status unpacked libsasl2-2:amd64 2.1.28+dfsg-10
2024-05-09 22:31:42 install libldap-2.5-0:amd64 <none> 2.5.13+dfsg-5
2024-05-09 22:31:42 status half-installed libldap-2.5-0:amd64 2.5.13+dfsg-5
2024-05-09 22:31:43 status unpacked libldap-2.5-0:amd64 2.5.13+dfsg-5
2024-05-09 22:31:43 install libnghttp2-14:amd64 <none> 1.52.0-1+deb12u1
2024-05-09 22:31:43 status half-installed libnghttp2-14:amd64 1.52.0-1+deb12u1
2024-05-09 22:31:44 status unpacked libnghttp2-14:amd64 1.52.0-1+deb12u1
2024-05-09 22:31:45 install libpsl5:amd64 <none> 0.21.2-1
2024-05-09 22:31:45 status half-installed libpsl5:amd64 0.21.2-1
2024-05-09 22:31:45 status unpacked libpsl5:amd64 0.21.2-1
2024-05-09 22:31:46 install librtmp1:amd64 <none> 2.4+20151223.gitfa8646d.1-2+b2
2024-05-09 22:31:46 status half-installed librtmp1:amd64 2.4+20151223.gitfa8646d.1-2+b2
2024-05-09 22:31:47 status unpacked librtmp1:amd64 2.4+20151223.gitfa8646d.1-2+b2
2024-05-09 22:31:48 install libssh2-1:amd64 <none> 1.10.0-3+b1
2024-05-09 22:31:48 status half-installed libssh2-1:amd64 1.10.0-3+b1
2024-05-09 22:31:49 status unpacked libssh2-1:amd64 1.10.0-3+b1
2024-05-09 22:31:50 install libcurl3-gnutls:amd64 <none> 7.88.1-10+deb12u5
2024-05-09 22:31:50 status half-installed libcurl3-gnutls:amd64 7.88.1-10+deb12u5
2024-05-09 22:31:51 status unpacked libcurl3-gnutls:amd64 7.88.1-10+deb12u5
2024-05-09 22:31:51 install libexpat1:amd64 <none> 2.5.0-1
2024-05-09 22:31:51 status half-installed libexpat1:amd64 2.5.0-1
2024-05-09 22:31:52 status unpacked libexpat1:amd64 2.5.0-1
2024-05-09 22:31:53 install liberror-perl:all <none> 0.17029-2
2024-05-09 22:31:53 status half-installed liberror-perl:all 0.17029-2
2024-05-09 22:31:55 status unpacked liberror-perl:all 0.17029-2
2024-05-09 22:31:56 install git-man:all <none> 1:2.39.2-1.1
2024-05-09 22:31:56 status half-installed git-man:all 1:2.39.2-1.1
2024-05-09 22:32:12 status unpacked git-man:all 1:2.39.2-1.1
2024-05-09 22:32:13 install git:amd64 <none> 1:2.39.2-1.1
2024-05-09 22:32:13 status half-installed git:amd64 1:2.39.2-1.1
2024-05-09 22:32:53 status unpacked git:amd64 1:2.39.2-1.1
2024-05-09 22:32:54 install libldap-common:all <none> 2.5.13+dfsg-5
2024-05-09 22:32:54 status half-installed libldap-common:all 2.5.13+dfsg-5
2024-05-09 22:32:54 status unpacked libldap-common:all 2.5.13+dfsg-5
2024-05-09 22:32:55 install libsasl2-modules:amd64 <none> 2.1.28+dfsg-10
2024-05-09 22:32:55 status half-installed libsasl2-modules:amd64 2.1.28+dfsg-10
2024-05-09 22:32:56 status unpacked libsasl2-modules:amd64 2.1.28+dfsg-10
2024-05-09 22:32:57 install libxau6:amd64 <none> 1:1.0.9-1
2024-05-09 22:32:57 status half-installed libxau6:amd64 1:1.0.9-1
2024-05-09 22:32:59 status unpacked libxau6:amd64 1:1.0.9-1
2024-05-09 22:33:00 install libxdmcp6:amd64 <none> 1:1.1.2-3
2024-05-09 22:33:00 status half-installed libxdmcp6:amd64 1:1.1.2-3
2024-05-09 22:33:01 status unpacked libxdmcp6:amd64 1:1.1.2-3
2024-05-09 22:33:01 install libxcb1:amd64 <none> 1.15-1
2024-05-09 22:33:01 status half-installed libxcb1:amd64 1.15-1
2024-05-09 22:33:02 status unpacked libxcb1:amd64 1.15-1
2024-05-09 22:33:03 install libx11-data:all <none> 2:1.8.4-2+deb12u2
2024-05-09 22:33:03 status half-installed libx11-data:all 2:1.8.4-2+deb12u2
2024-05-09 22:33:17 status unpacked libx11-data:all 2:1.8.4-2+deb12u2
2024-05-09 22:33:18 install libx11-6:amd64 <none> 2:1.8.4-2+deb12u2
2024-05-09 22:33:18 status half-installed libx11-6:amd64 2:1.8.4-2+deb12u2
2024-05-09 22:33:18 status unpacked libx11-6:amd64 2:1.8.4-2+deb12u2
2024-05-09 22:33:19 install libxext6:amd64 <none> 2:1.3.4-1+b1
2024-05-09 22:33:19 status half-installed libxext6:amd64 2:1.3.4-1+b1
2024-05-09 22:33:20 status unpacked libxext6:amd64 2:1.3.4-1+b1
2024-05-09 22:33:21 install libxmuu1:amd64 <none> 2:1.1.3-3
2024-05-09 22:33:21 status half-installed libxmuu1:amd64 2:1.1.3-3
2024-05-09 22:33:22 status unpacked libxmuu1:amd64 2:1.1.3-3
2024-05-09 22:33:22 install patch:amd64 <none> 2.7.6-7
2024-05-09 22:33:22 status half-installed patch:amd64 2.7.6-7
2024-05-09 22:33:23 status unpacked patch:amd64 2.7.6-7
2024-05-09 22:33:24 install publicsuffix:all <none> 20230209.2326-1
2024-05-09 22:33:24 status half-installed publicsuffix:all 20230209.2326-1
2024-05-09 22:33:24 status unpacked publicsuffix:all 20230209.2326-1
2024-05-09 22:33:25 install xauth:amd64 <none> 1:1.1.2-1
2024-05-09 22:33:25 status half-installed xauth:amd64 1:1.1.2-1
2024-05-09 22:33:25 status unpacked xauth:amd64 1:1.1.2-1
2024-05-09 22:33:27 startup packages configure
2024-05-09 22:33:27 configure libexpat1:amd64 2.5.0-1 <none>
2024-05-09 22:33:27 status unpacked libexpat1:amd64 2.5.0-1
2024-05-09 22:33:27 status half-configured libexpat1:amd64 2.5.0-1
2024-05-09 22:33:28 status installed libexpat1:amd64 2.5.0-1
2024-05-09 22:33:28 configure libxau6:amd64 1:1.0.9-1 <none>
2024-05-09 22:33:28 status unpacked libxau6:amd64 1:1.0.9-1
2024-05-09 22:33:28 status half-configured libxau6:amd64 1:1.0.9-1
2024-05-09 22:33:28 status installed libxau6:amd64 1:1.0.9-1
2024-05-09 22:33:28 configure libxdmcp6:amd64 1:1.1.2-3 <none>
2024-05-09 22:33:28 status unpacked libxdmcp6:amd64 1:1.1.2-3
2024-05-09 22:33:28 status half-configured libxdmcp6:amd64 1:1.1.2-3
2024-05-09 22:33:28 status installed libxdmcp6:amd64 1:1.1.2-3
2024-05-09 22:33:28 configure libpsl5:amd64 0.21.2-1 <none>
2024-05-09 22:33:28 status unpacked libpsl5:amd64 0.21.2-1
2024-05-09 22:33:29 status half-configured libpsl5:amd64 0.21.2-1
2024-05-09 22:33:29 status installed libpsl5:amd64 0.21.2-1
2024-05-09 22:33:29 configure libxcb1:amd64 1.15-1 <none>
2024-05-09 22:33:29 status unpacked libxcb1:amd64 1.15-1
2024-05-09 22:33:29 status half-configured libxcb1:amd64 1.15-1
2024-05-09 22:33:29 status installed libxcb1:amd64 1.15-1
2024-05-09 22:33:29 configure libcbor0.8:amd64 0.8.0-2+b1 <none>
2024-05-09 22:33:29 status unpacked libcbor0.8:amd64 0.8.0-2+b1
2024-05-09 22:33:29 status half-configured libcbor0.8:amd64 0.8.0-2+b1
2024-05-09 22:33:29 status installed libcbor0.8:amd64 0.8.0-2+b1
2024-05-09 22:33:30 configure libbrotli1:amd64 1.0.9-2+b6 <none>
2024-05-09 22:33:30 status unpacked libbrotli1:amd64 1.0.9-2+b6
2024-05-09 22:33:30 status half-configured libbrotli1:amd64 1.0.9-2+b6
2024-05-09 22:33:31 status installed libbrotli1:amd64 1.0.9-2+b6
2024-05-09 22:33:31 configure libsasl2-modules:amd64 2.1.28+dfsg-10 <none>
2024-05-09 22:33:31 status unpacked libsasl2-modules:amd64 2.1.28+dfsg-10
2024-05-09 22:33:31 status half-configured libsasl2-modules:amd64 2.1.28+dfsg-10
2024-05-09 22:33:31 status installed libsasl2-modules:amd64 2.1.28+dfsg-10
2024-05-09 22:33:32 configure libnghttp2-14:amd64 1.52.0-1+deb12u1 <none>
2024-05-09 22:33:32 status unpacked libnghttp2-14:amd64 1.52.0-1+deb12u1
2024-05-09 22:33:32 status half-configured libnghttp2-14:amd64 1.52.0-1+deb12u1
2024-05-09 22:33:32 status installed libnghttp2-14:amd64 1.52.0-1+deb12u1
2024-05-09 22:33:32 configure libldap-common:all 2.5.13+dfsg-5 <none>
2024-05-09 22:33:32 status unpacked libldap-common:all 2.5.13+dfsg-5
2024-05-09 22:33:32 status half-configured libldap-common:all 2.5.13+dfsg-5
2024-05-09 22:33:32 status installed libldap-common:all 2.5.13+dfsg-5
2024-05-09 22:33:32 configure libsasl2-modules-db:amd64 2.1.28+dfsg-10 <none>
2024-05-09 22:33:32 status unpacked libsasl2-modules-db:amd64 2.1.28+dfsg-10
2024-05-09 22:33:32 status half-configured libsasl2-modules-db:amd64 2.1.28+dfsg-10
2024-05-09 22:33:33 status installed libsasl2-modules-db:amd64 2.1.28+dfsg-10
2024-05-09 22:33:33 configure liberror-perl:all 0.17029-2 <none>
2024-05-09 22:33:33 status unpacked liberror-perl:all 0.17029-2
2024-05-09 22:33:34 status half-configured liberror-perl:all 0.17029-2
2024-05-09 22:33:34 status installed liberror-perl:all 0.17029-2
2024-05-09 22:33:34 configure libx11-data:all 2:1.8.4-2+deb12u2 <none>
2024-05-09 22:33:34 status unpacked libx11-data:all 2:1.8.4-2+deb12u2
2024-05-09 22:33:34 status half-configured libx11-data:all 2:1.8.4-2+deb12u2
2024-05-09 22:33:34 status installed libx11-data:all 2:1.8.4-2+deb12u2
2024-05-09 22:33:34 configure librtmp1:amd64 2.4+20151223.gitfa8646d.1-2+b2 <none>
2024-05-09 22:33:34 status unpacked librtmp1:amd64 2.4+20151223.gitfa8646d.1-2+b2
2024-05-09 22:33:34 status half-configured librtmp1:amd64 2.4+20151223.gitfa8646d.1-2+b2
2024-05-09 22:33:35 status installed librtmp1:amd64 2.4+20151223.gitfa8646d.1-2+b2
2024-05-09 22:33:35 configure patch:amd64 2.7.6-7 <none>
2024-05-09 22:33:35 status unpacked patch:amd64 2.7.6-7
2024-05-09 22:33:35 status half-configured patch:amd64 2.7.6-7
2024-05-09 22:33:35 status installed patch:amd64 2.7.6-7
2024-05-09 22:33:35 configure libsasl2-2:amd64 2.1.28+dfsg-10 <none>
2024-05-09 22:33:35 status unpacked libsasl2-2:amd64 2.1.28+dfsg-10
2024-05-09 22:33:35 status half-configured libsasl2-2:amd64 2.1.28+dfsg-10
2024-05-09 22:33:35 status installed libsasl2-2:amd64 2.1.28+dfsg-10
2024-05-09 22:33:36 configure git-man:all 1:2.39.2-1.1 <none>
2024-05-09 22:33:36 status unpacked git-man:all 1:2.39.2-1.1
2024-05-09 22:33:36 status half-configured git-man:all 1:2.39.2-1.1
2024-05-09 22:33:36 status installed git-man:all 1:2.39.2-1.1
2024-05-09 22:33:36 configure libx11-6:amd64 2:1.8.4-2+deb12u2 <none>
2024-05-09 22:33:36 status unpacked libx11-6:amd64 2:1.8.4-2+deb12u2
2024-05-09 22:33:36 status half-configured libx11-6:amd64 2:1.8.4-2+deb12u2
2024-05-09 22:33:36 status installed libx11-6:amd64 2:1.8.4-2+deb12u2
2024-05-09 22:33:37 configure libssh2-1:amd64 1.10.0-3+b1 <none>
2024-05-09 22:33:37 status unpacked libssh2-1:amd64 1.10.0-3+b1
2024-05-09 22:33:37 status half-configured libssh2-1:amd64 1.10.0-3+b1
2024-05-09 22:33:37 status installed libssh2-1:amd64 1.10.0-3+b1
2024-05-09 22:33:37 configure libfido2-1:amd64 1.12.0-2+b1 <none>
2024-05-09 22:33:37 status unpacked libfido2-1:amd64 1.12.0-2+b1
2024-05-09 22:33:37 status half-configured libfido2-1:amd64 1.12.0-2+b1
2024-05-09 22:33:37 status installed libfido2-1:amd64 1.12.0-2+b1
2024-05-09 22:33:37 configure openssl:amd64 3.0.11-1~deb12u2 <none>
2024-05-09 22:33:37 status unpacked openssl:amd64 3.0.11-1~deb12u2
2024-05-09 22:33:38 status half-configured openssl:amd64 3.0.11-1~deb12u2
2024-05-09 22:33:38 status installed openssl:amd64 3.0.11-1~deb12u2
2024-05-09 22:33:38 configure publicsuffix:all 20230209.2326-1 <none>
2024-05-09 22:33:38 status unpacked publicsuffix:all 20230209.2326-1
2024-05-09 22:33:38 status half-configured publicsuffix:all 20230209.2326-1
2024-05-09 22:33:38 status installed publicsuffix:all 20230209.2326-1
2024-05-09 22:33:38 configure libxmuu1:amd64 2:1.1.3-3 <none>
2024-05-09 22:33:38 status unpacked libxmuu1:amd64 2:1.1.3-3
2024-05-09 22:33:39 status half-configured libxmuu1:amd64 2:1.1.3-3
2024-05-09 22:33:39 status installed libxmuu1:amd64 2:1.1.3-3
2024-05-09 22:33:39 configure openssh-client:amd64 1:9.2p1-2+deb12u2 <none>
2024-05-09 22:33:39 status unpacked openssh-client:amd64 1:9.2p1-2+deb12u2
2024-05-09 22:33:40 status half-configured openssh-client:amd64 1:9.2p1-2+deb12u2
2024-05-09 22:33:40 status installed openssh-client:amd64 1:9.2p1-2+deb12u2
2024-05-09 22:33:41 configure libxext6:amd64 2:1.3.4-1+b1 <none>
2024-05-09 22:33:41 status unpacked libxext6:amd64 2:1.3.4-1+b1
2024-05-09 22:33:41 status half-configured libxext6:amd64 2:1.3.4-1+b1
2024-05-09 22:33:41 status installed libxext6:amd64 2:1.3.4-1+b1
2024-05-09 22:33:41 configure libldap-2.5-0:amd64 2.5.13+dfsg-5 <none>
2024-05-09 22:33:41 status unpacked libldap-2.5-0:amd64 2.5.13+dfsg-5
2024-05-09 22:33:41 status half-configured libldap-2.5-0:amd64 2.5.13+dfsg-5
2024-05-09 22:33:41 status installed libldap-2.5-0:amd64 2.5.13+dfsg-5
2024-05-09 22:33:41 configure ca-certificates:all 20230311 <none>
2024-05-09 22:33:41 status unpacked ca-certificates:all 20230311
2024-05-09 22:33:41 status half-configured ca-certificates:all 20230311
2024-05-09 22:33:46 status installed ca-certificates:all 20230311
2024-05-09 22:33:46 status triggers-pending ca-certificates:all 20230311
2024-05-09 22:33:46 configure xauth:amd64 1:1.1.2-1 <none>
2024-05-09 22:33:46 status unpacked xauth:amd64 1:1.1.2-1
2024-05-09 22:33:46 status half-configured xauth:amd64 1:1.1.2-1
2024-05-09 22:33:46 status installed xauth:amd64 1:1.1.2-1
2024-05-09 22:33:46 configure libcurl3-gnutls:amd64 7.88.1-10+deb12u5 <none>
2024-05-09 22:33:46 status unpacked libcurl3-gnutls:amd64 7.88.1-10+deb12u5
2024-05-09 22:33:46 status half-configured libcurl3-gnutls:amd64 7.88.1-10+deb12u5
2024-05-09 22:33:46 status installed libcurl3-gnutls:amd64 7.88.1-10+deb12u5
2024-05-09 22:33:47 configure git:amd64 1:2.39.2-1.1 <none>
2024-05-09 22:33:47 status unpacked git:amd64 1:2.39.2-1.1
2024-05-09 22:33:47 status half-configured git:amd64 1:2.39.2-1.1
2024-05-09 22:33:47 status installed git:amd64 1:2.39.2-1.1
2024-05-09 22:33:47 trigproc libc-bin:amd64 2.36-9+deb12u4 <none>
2024-05-09 22:33:47 status half-configured libc-bin:amd64 2.36-9+deb12u4
2024-05-09 22:33:47 status installed libc-bin:amd64 2.36-9+deb12u4
2024-05-09 22:33:47 trigproc ca-certificates:all 20230311 <none>
2024-05-09 22:33:47 status half-configured ca-certificates:all 20230311
2024-05-09 22:33:48 status installed ca-certificates:all 20230311
